<?xml version="1.0" encoding="utf-8"?><result info="error" msg="Ip Is Not Allowed!"/>
http://gi.jinpaizhan.com:81/doBusiness.do?params=TMeWzmafz6/X8j+l9UjgJaHHe2YbZtR/c+I+c+91JTjgAZP8G3/Sp1Ks6R8pLQJvQoUYySJcp+9quMM26cNHKA48gBfqS3+pUxkoJ9AhrjPBz17Ul3r58bZl0tEiVD2dgeR0KaOM1bo=&key=32f30405d335e814fbee5e88e650dec6
<?xml version="1.0" encoding="utf-8"?><result info="error" msg="Ip Is Not Allowed!"/>
http://gi.jinpaizhan.com:81/doBusiness.do?params=TMeWzmafz6/X8j+l9UjgJaHHe2YbZtR/c+I+c+91JTjgAZP8G3/Sp1Ks6R8pLQJvQoUYySJcp+9quMM26cNHKA48gBfqS3+pUxkoJ9AhrjPBz17Ul3r58bZl0tEiVD2dgeR0KaOM1bo=&key=32f30405d335e814fbee5e88e650dec6
<?xml version="1.0" encoding="utf-8"?><result info="error" msg="Ip Is Not Allowed!"/>
http://gi.jinpaizhan.com:81/doBusiness.do?params=TMeWzmafz6/X8j+l9UjgJaHHe2YbZtR/c+I+c+91JTjgAZP8G3/Sp1Ks6R8pLQJvQoUYySJcp+9quMM26cNHKA48gBfqS3+pUxkoJ9AhrjPBz17Ul3r58bZl0tEiVD2dgeR0KaOM1bo=&key=32f30405d335e814fbee5e88e650dec6
<?xml version="1.0" encoding="utf-8"?><result info="3.00" msg=""/>
http://gi.jinpaizhan.com:81/doBusiness.do?params=TMeWzmafz6/X8j+l9UjgJaHHe2YbZtR/c+I+c+91JTjgAZP8G3/Sp1Ks6R8pLQJvQoUYySJcp+9quMM26cNHKA48gBfqS3+pUxkoJ9AhrjPBz17Ul3r58bZl0tEiVD2dgeR0KaOM1bo=&key=32f30405d335e814fbee5e88e650dec6
<?xml version="1.0" encoding="utf-8"?><result info="3.00" msg=""/>
http://gi.jinpaizhan.com:81/doBusiness.do?params=TMeWzmafz6/X8j+l9UjgJaHHe2YbZtR/c+I+c+91JTjgAZP8G3/Sp1Ks6R8pLQJvQoUYySJcp+9quMM26cNHKA48gBfqS3+pUxkoJ9AhrjPBz17Ul3r58bZl0tEiVD2dgeR0KaOM1bo=&key=32f30405d335e814fbee5e88e650dec6
<?xml version="1.0" encoding="utf-8"?><result info="3.00" msg=""/>
http://gi.jinpaizhan.com:81/doBusiness.do?params=TMeWzmafz6/X8j+l9UjgJaHHe2YbZtR/c+I+c+91JTjgAZP8G3/Sp1Ks6R8pLQJvQoUYySJcp+9quMM26cNHKA48gBfqS3+pUxkoJ9AhrjPBz17Ul3r58bZl0tEiVD2dgeR0KaOM1bo=&key=32f30405d335e814fbee5e88e650dec6
<?xml version="1.0" encoding="utf-8"?><result info="3.00" msg=""/>
http://gi.jinpaizhan.com:81/doBusiness.do?params=TMeWzmafz6/X8j+l9UjgJaHHe2YbZtR/c+I+c+91JTjgAZP8G3/Sp1Ks6R8pLQJvQoUYySJcp+9quMM26cNHKA48gBfqS3+pUxkoJ9AhrjPBz17Ul3r58bZl0tEiVD2dgeR0KaOM1bo=&key=32f30405d335e814fbee5e88e650dec6
<?xml version="1.0" encoding="utf-8"?><result info="3.00" msg=""/>
http://gi.jinpaizhan.com:81/doBusiness.do?params=TMeWzmafz6/X8j+l9UjgJaHHe2YbZtR/c+I+c+91JTjgAZP8G3/Sp1Ks6R8pLQJvQoUYySJcp+9quMM26cNHKA48gBfqS3+pUxkoJ9AhrjPBz17Ul3r58bZl0tEiVD2dgeR0KaOM1bo=&key=32f30405d335e814fbee5e88e650dec6
<?xml version="1.0" encoding="utf-8"?><result info="3.00" msg=""/>
http://gi.jinpaizhan.com:81/doBusiness.do?params=TMeWzmafz6/X8j+l9UjgJaHHe2YbZtR/c+I+c+91JTjgAZP8G3/Sp1Ks6R8pLQJvQoUYySJcp+9quMM26cNHKA48gBfqS3+pUxkoJ9AhrjPBz17Ul3r58bZl0tEiVD2dgeR0KaOM1bo=&key=32f30405d335e814fbee5e88e650dec6
<?xml version="1.0" encoding="utf-8"?><result info="3.00" msg=""/>
http://gi.jinpaizhan.com:81/doBusiness.do?params=TMeWzmafz6/X8j+l9UjgJaHHe2YbZtR/c+I+c+91JTjgAZP8G3/Sp1Ks6R8pLQJvQoUYySJcp+9quMM26cNHKA48gBfqS3+pUxkoJ9AhrjPBz17Ul3r58bZl0tEiVD2dgeR0KaOM1bo=&key=32f30405d335e814fbee5e88e650dec6
<?xml version="1.0" encoding="utf-8"?><result info="3.00" msg=""/>
http://gi.jinpaizhan.com:81/doBusiness.do?params=TMeWzmafz6/X8j+l9UjgJaHHe2YbZtR/c+I+c+91JTjgAZP8G3/Sp1Ks6R8pLQJvQoUYySJcp+9quMM26cNHKA48gBfqS3+pUxkoJ9AhrjPBz17Ul3r58bZl0tEiVD2dgeR0KaOM1bo=&key=32f30405d335e814fbee5e88e650dec6
<?xml version="1.0" encoding="utf-8"?><result info="3.00" msg=""/>
http://gi.jinpaizhan.com:81/doBusiness.do?params=TMeWzmafz6/X8j+l9UjgJaHHe2YbZtR/c+I+c+91JTjgAZP8G3/Sp1Ks6R8pLQJvQoUYySJcp+9quMM26cNHKA48gBfqS3+pUxkoJ9AhrjPBz17Ul3r58bZl0tEiVD2dgeR0KaOM1bo=&key=32f30405d335e814fbee5e88e650dec6
<?xml version="1.0" encoding="utf-8"?><result info="3.00" msg=""/>
http://gi.jinpaizhan.com:81/doBusiness.do?params=TMeWzmafz6/X8j+l9UjgJaHHe2YbZtR/c+I+c+91JTjgAZP8G3/Sp1Ks6R8pLQJvQoUYySJcp+9quMM26cNHKA48gBfqS3+pUxkoJ9AhrjPBz17Ul3r58bZl0tEiVD2dgeR0KaOM1bo=&key=32f30405d335e814fbee5e88e650dec6
<?xml version="1.0" encoding="utf-8"?><result info="3.00" msg=""/>
http://gi.jinpaizhan.com:81/doBusiness.do?params=TMeWzmafz6/X8j+l9UjgJaHHe2YbZtR/c+I+c+91JTjgAZP8G3/Sp1Ks6R8pLQJvQoUYySJcp+9quMM26cNHKA48gBfqS3+pUxkoJ9AhrjPBz17Ul3r58bZl0tEiVD2dgeR0KaOM1bo=&key=32f30405d335e814fbee5e88e650dec6
<?xml version="1.0" encoding="utf-8"?><result info="3.00" msg=""/>
http://gi.jinpaizhan.com:81/doBusiness.do?params=TMeWzmafz6/X8j+l9UjgJaHHe2YbZtR/c+I+c+91JTjgAZP8G3/Sp1Ks6R8pLQJvQoUYySJcp+9quMM26cNHKA48gBfqS3+pUxkoJ9AhrjPBz17Ul3r58bZl0tEiVD2dgeR0KaOM1bo=&key=32f30405d335e814fbee5e88e650dec6
<?xml version="1.0" encoding="utf-8"?><result info="3.00" msg=""/>
http://gi.jinpaizhan.com:81/doBusiness.do?params=TMeWzmafz6/X8j+l9UjgJaHHe2YbZtR/c+I+c+91JTjgAZP8G3/Sp1Ks6R8pLQJvQoUYySJcp+9quMM26cNHKA48gBfqS3+pUxkoJ9AhrjPBz17Ul3r58bZl0tEiVD2dgeR0KaOM1bo=&key=32f30405d335e814fbee5e88e650dec6
<?xml version="1.0" encoding="utf-8"?><result info="3.00" msg=""/>
http://gi.jinpaizhan.com:81/doBusiness.do?params=TMeWzmafz6/X8j+l9UjgJaHHe2YbZtR/c+I+c+91JTjgAZP8G3/Sp1Ks6R8pLQJvQoUYySJcp+9quMM26cNHKA48gBfqS3+pUxkoJ9AhrjPBz17Ul3r58bZl0tEiVD2dgeR0KaOM1bo=&key=32f30405d335e814fbee5e88e650dec6
<?xml version="1.0" encoding="utf-8"?><result info="3.00" msg=""/>
http://gi.jinpaizhan.com:81/doBusiness.do?params=TMeWzmafz6/X8j+l9UjgJaHHe2YbZtR/c+I+c+91JTjgAZP8G3/Sp1Ks6R8pLQJvQoUYySJcp+9quMM26cNHKA48gBfqS3+pUxkoJ9AhrjPBz17Ul3r58bZl0tEiVD2dgeR0KaOM1bo=&key=32f30405d335e814fbee5e88e650dec6
<?xml version="1.0" encoding="utf-8"?><result info="3.00" msg=""/>
http://gi.jinpaizhan.com:81/doBusiness.do?params=TMeWzmafz6/X8j+l9UjgJaHHe2YbZtR/c+I+c+91JTjgAZP8G3/Sp1Ks6R8pLQJvQoUYySJcp+9quMM26cNHKA48gBfqS3+pUxkoJ9AhrjPBz17Ul3r58bZl0tEiVD2dgeR0KaOM1bo=&key=32f30405d335e814fbee5e88e650dec6
<?xml version="1.0" encoding="utf-8"?><result info="3.00" msg=""/>
http://gi.jinpaizhan.com:81/doBusiness.do?params=TMeWzmafz6/X8j+l9UjgJaHHe2YbZtR/c+I+c+91JTjgAZP8G3/Sp1Ks6R8pLQJvQoUYySJcp+9quMM26cNHKA48gBfqS3+pUxkoJ9AhrjPBz17Ul3r58bZl0tEiVD2dgeR0KaOM1bo=&key=32f30405d335e814fbee5e88e650dec6
<?xml version="1.0" encoding="utf-8"?><result info="3.00" msg=""/>
http://gi.jinpaizhan.com:81/doBusiness.do?params=TMeWzmafz6/X8j+l9UjgJaHHe2YbZtR/c+I+c+91JTjgAZP8G3/Sp1Ks6R8pLQJvQoUYySJcp+9quMM26cNHKA48gBfqS3+pUxkoJ9AhrjPBz17Ul3r58bZl0tEiVD2dgeR0KaOM1bo=&key=32f30405d335e814fbee5e88e650dec6
<?xml version="1.0" encoding="utf-8"?><result info="3.00" msg=""/>
http://gi.jinpaizhan.com:81/doBusiness.do?params=TMeWzmafz6/X8j+l9UjgJaHHe2YbZtR/c+I+c+91JTjgAZP8G3/Sp1Ks6R8pLQJvQoUYySJcp+9quMM26cNHKA48gBfqS3+pUxkoJ9AhrjPBz17Ul3r58bZl0tEiVD2dgeR0KaOM1bo=&key=32f30405d335e814fbee5e88e650dec6
<?xml version="1.0" encoding="utf-8"?><result info="3.00" msg=""/>
http://gi.jinpaizhan.com:81/doBusiness.do?params=TMeWzmafz6/X8j+l9UjgJaHHe2YbZtR/c+I+c+91JTjgAZP8G3/Sp1Ks6R8pLQJvQoUYySJcp+9quMM26cNHKA48gBfqS3+pUxkoJ9AhrjPBz17Ul3r58bZl0tEiVD2dgeR0KaOM1bo=&key=32f30405d335e814fbee5e88e650dec6
<?xml version="1.0" encoding="utf-8"?><result info="3.00" msg=""/>
http://gi.jinpaizhan.com:81/doBusiness.do?params=TMeWzmafz6/X8j+l9UjgJaHHe2YbZtR/c+I+c+91JTjgAZP8G3/Sp1Ks6R8pLQJvQoUYySJcp+9quMM26cNHKA48gBfqS3+pUxkoJ9AhrjPBz17Ul3r58bZl0tEiVD2dgeR0KaOM1bo=&key=32f30405d335e814fbee5e88e650dec6
<?xml version="1.0" encoding="utf-8"?><result info="3.00" msg=""/>
http://gi.jinpaizhan.com:81/doBusiness.do?params=TMeWzmafz6/X8j+l9UjgJaHHe2YbZtR/c+I+c+91JTjgAZP8G3/Sp1Ks6R8pLQJvQoUYySJcp+9quMM26cNHKA48gBfqS3+pUxkoJ9AhrjPBz17Ul3r58bZl0tEiVD2dgeR0KaOM1bo=&key=32f30405d335e814fbee5e88e650dec6
<?xml version="1.0" encoding="utf-8"?><result info="3.00" msg=""/>
http://gi.jinpaizhan.com:81/doBusiness.do?params=TMeWzmafz6/X8j+l9UjgJaHHe2YbZtR/c+I+c+91JTjgAZP8G3/Sp1Ks6R8pLQJvQoUYySJcp+9quMM26cNHKA48gBfqS3+pUxkoJ9AhrjPBz17Ul3r58bZl0tEiVD2dgeR0KaOM1bo=&key=32f30405d335e814fbee5e88e650dec6
<?xml version="1.0" encoding="utf-8"?><result info="3.00" msg=""/>
http://gi.jinpaizhan.com:81/doBusiness.do?params=TMeWzmafz6/X8j+l9UjgJaHHe2YbZtR/c+I+c+91JTjgAZP8G3/Sp1Ks6R8pLQJvQoUYySJcp+9quMM26cNHKA48gBfqS3+pUxkoJ9AhrjPBz17Ul3r58bZl0tEiVD2dgeR0KaOM1bo=&key=32f30405d335e814fbee5e88e650dec6
<?xml version="1.0" encoding="utf-8"?><result info="3.00" msg=""/>
http://gi.jinpaizhan.com:81/doBusiness.do?params=TMeWzmafz6/X8j+l9UjgJaHHe2YbZtR/c+I+c+91JTjgAZP8G3/Sp1Ks6R8pLQJvQoUYySJcp+9quMM26cNHKA48gBfqS3+pUxkoJ9AhrjPBz17Ul3r58bZl0tEiVD2dgeR0KaOM1bo=&key=32f30405d335e814fbee5e88e650dec6
<?xml version="1.0" encoding="utf-8"?><result info="3.00" msg=""/>
http://gi.jinpaizhan.com:81/doBusiness.do?params=TMeWzmafz6/X8j+l9UjgJaHHe2YbZtR/c+I+c+91JTjgAZP8G3/Sp1Ks6R8pLQJvQoUYySJcp+9quMM26cNHKA48gBfqS3+pUxkoJ9AhrjPBz17Ul3r58bZl0tEiVD2dgeR0KaOM1bo=&key=32f30405d335e814fbee5e88e650dec6
<?xml version="1.0" encoding="utf-8"?><result info="3.00" msg=""/>
http://gi.jinpaizhan.com:81/doBusiness.do?params=TMeWzmafz6/X8j+l9UjgJaHHe2YbZtR/c+I+c+91JTjgAZP8G3/Sp1Ks6R8pLQJvQoUYySJcp+9quMM26cNHKA48gBfqS3+pUxkoJ9AhrjPBz17Ul3r58bZl0tEiVD2dgeR0KaOM1bo=&key=32f30405d335e814fbee5e88e650dec6
<?xml version="1.0" encoding="utf-8"?><result info="3.00" msg=""/>
http://gi.jinpaizhan.com:81/doBusiness.do?params=TMeWzmafz6/X8j+l9UjgJaHHe2YbZtR/c+I+c+91JTjgAZP8G3/Sp1Ks6R8pLQJvQoUYySJcp+9quMM26cNHKA48gBfqS3+pUxkoJ9AhrjPBz17Ul3r58bZl0tEiVD2dgeR0KaOM1bo=&key=32f30405d335e814fbee5e88e650dec6
<?xml version="1.0" encoding="utf-8"?><result info="3.00" msg=""/>
http://gi.jinpaizhan.com:81/doBusiness.do?params=TMeWzmafz6/X8j+l9UjgJaHHe2YbZtR/c+I+c+91JTjgAZP8G3/Sp1Ks6R8pLQJvQoUYySJcp+9quMM26cNHKA48gBfqS3+pUxkoJ9AhrjPBz17Ul3r58bZl0tEiVD2dgeR0KaOM1bo=&key=32f30405d335e814fbee5e88e650dec6
<?xml version="1.0" encoding="utf-8"?><result info="3.00" msg=""/>
http://gi.jinpaizhan.com:81/doBusiness.do?params=TMeWzmafz6/X8j+l9UjgJaHHe2YbZtR/c+I+c+91JTjgAZP8G3/Sp1Ks6R8pLQJvQoUYySJcp+9quMM26cNHKA48gBfqS3+pUxkoJ9AhrjPBz17Ul3r58bZl0tEiVD2dgeR0KaOM1bo=&key=32f30405d335e814fbee5e88e650dec6
<?xml version="1.0" encoding="utf-8"?><result info="3.00" msg=""/>
http://gi.jinpaizhan.com:81/doBusiness.do?params=TMeWzmafz6/X8j+l9UjgJaHHe2YbZtR/HUNW4u/MjgFSrOkfKS0Cb0KFGMkiXKfvarjDNunDRygOPIAX6kt/qVMZKCfQIa4zwc9e1Jd6+fG2ZdLRIlQ9nYHkdCmjjNW6&key=2ca94af2e24115e440d9796a54ba6049
<?xml version="1.0" encoding="utf-8"?><result info="0.00" msg=""/>
http://gi.jinpaizhan.com:81/doBusiness.do?params=TMeWzmafz6/X8j+l9UjgJaHHe2YbZtR/c+I+c+91JTjgAZP8G3/Sp1Ks6R8pLQJvQoUYySJcp+9quMM26cNHKA48gBfqS3+pUxkoJ9AhrjPBz17Ul3r58bZl0tEiVD2dgeR0KaOM1bo=&key=32f30405d335e814fbee5e88e650dec6
<?xml version="1.0" encoding="utf-8"?><result info="3.00" msg=""/>
http://gi.jinpaizhan.com:81/doBusiness.do?params=TMeWzmafz6/X8j+l9UjgJaHHe2YbZtR/c+I+c+91JTjgAZP8G3/Sp1Ks6R8pLQJvQoUYySJcp+9quMM26cNHKA48gBfqS3+pUxkoJ9AhrjPBz17Ul3r58bZl0tEiVD2dgeR0KaOM1bo=&key=32f30405d335e814fbee5e88e650dec6
<?xml version="1.0" encoding="utf-8"?><result info="3.00" msg=""/>
http://gi.jinpaizhan.com:81/doBusiness.do?params=TMeWzmafz6/X8j+l9UjgJaHHe2YbZtR/nbFID1VJ8QIk9cIwQP4dkVKs6R8pLQJvQoUYySJcp+9quMM26cNHKA48gBfqS3+pUxkoJ9AhrjPBz17Ul3r58bZl0tEiVD2dgeR0KaOM1bo=&key=64fa77e22d0175e246eda59a991f1a4b
<?xml version="1.0" encoding="utf-8"?><result info="0.00" msg=""/>
http://gi.jinpaizhan.com:81/doBusiness.do?params=TMeWzmafz6/X8j+l9UjgJaHHe2YbZtR/OUzF2I1LW4q8n5Y2sDQXE1Ks6R8pLQJvQoUYySJcp+9quMM26cNHKA48gBfqS3+pUxkoJ9AhrjPBz17Ul3r58bZl0tEiVD2dgeR0KaOM1bo=&key=22b667e97bd38eabb09c55a602053c82
<?xml version="1.0" encoding="utf-8"?><result info="0.00" msg=""/>
http://gi.jinpaizhan.com:81/doBusiness.do?params=TMeWzmafz6/X8j+l9UjgJaHHe2YbZtR/c+I+c+91JTjgAZP8G3/Sp1Ks6R8pLQJvQoUYySJcp+9quMM26cNHKA48gBfqS3+pUxkoJ9AhrjPBz17Ul3r58bZl0tEiVD2dgeR0KaOM1bo=&key=32f30405d335e814fbee5e88e650dec6
<?xml version="1.0" encoding="utf-8"?><result info="3.00" msg=""/>
http://gi.jinpaizhan.com:81/doBusiness.do?params=TMeWzmafz6/X8j+l9UjgJaHHe2YbZtR/boikWTAnPqfTFpqiGMBjwbDiPZ34CVIBbc7tJ5iBb6uIosEnmkhY27fN8og0XypY0w2CcUOFI6JeOG46m9Q+/vCFbUM8OKh2LJnISS1IJAk=&key=6fffa840cafb194ce32e1e7015551e6f
<?xml version="1.0" encoding="utf-8"?><result info="0.00" msg=""/>
http://gi.jinpaizhan.com:81/doBusiness.do?params=TMeWzmafz6/X8j+l9UjgJaHHe2YbZtR/boikWTAnPqfTFpqiGMBjwbDiPZ34CVIBbc7tJ5iBb6uIosEnmkhY27fN8og0XypY0w2CcUOFI6JeOG46m9Q+/vCFbUM8OKh2LJnISS1IJAk=&key=6fffa840cafb194ce32e1e7015551e6f
<?xml version="1.0" encoding="utf-8"?><result info="0.00" msg=""/>
http://gi.jinpaizhan.com:81/doBusiness.do?params=TMeWzmafz6/X8j+l9UjgJaHHe2YbZtR/6VAFww5HZRVr88bL1FwwMEiP3p3bi40oLHdVqm7ESp58c48piTqOx1MOYdLB1FG2b1jqOAsGU5zx1NN1nb1G5QywDZ9/QQVD42TRV5zGMLc=&key=037508fa60b92cb1f25c3cd7580a3e72
<?xml version="1.0" encoding="utf-8"?><result info="0.50" msg=""/>
http://gi.jinpaizhan.com:81/doBusiness.do?params=TMeWzmafz6/X8j+l9UjgJaHHe2YbZtR/6VAFww5HZRVr88bL1FwwMEiP3p3bi40oLHdVqm7ESp58c48piTqOx1MOYdLB1FG2b1jqOAsGU5zx1NN1nb1G5QywDZ9/QQVD42TRV5zGMLc=&key=037508fa60b92cb1f25c3cd7580a3e72
<?xml version="1.0" encoding="utf-8"?><result info="0.50" msg=""/>
http://gi.jinpaizhan.com:81/doBusiness.do?params=TMeWzmafz6/X8j+l9UjgJaHHe2YbZtR/6VAFww5HZRVr88bL1FwwMEiP3p3bi40oLHdVqm7ESp58c48piTqOx1MOYdLB1FG2b1jqOAsGU5zx1NN1nb1G5QywDZ9/QQVD42TRV5zGMLc=&key=037508fa60b92cb1f25c3cd7580a3e72
<?xml version="1.0" encoding="utf-8"?><result info="0.50" msg=""/>
http://gi.jinpaizhan.com:81/doBusiness.do?params=TMeWzmafz6/X8j+l9UjgJaHHe2YbZtR/6VAFww5HZRVr88bL1FwwMEiP3p3bi40oLHdVqm7ESp58c48piTqOx1MOYdLB1FG2b1jqOAsGU5zx1NN1nb1G5QywDZ9/QQVD42TRV5zGMLc=&key=037508fa60b92cb1f25c3cd7580a3e72
<?xml version="1.0" encoding="utf-8"?><result info="0.50" msg=""/>
http://gi.jinpaizhan.com:81/doBusiness.do?params=TMeWzmafz6/X8j+l9UjgJaHHe2YbZtR/6VAFww5HZRVr88bL1FwwMEiP3p3bi40oLHdVqm7ESp58c48piTqOx1MOYdLB1FG2b1jqOAsGU5zx1NN1nb1G5QywDZ9/QQVD42TRV5zGMLc=&key=037508fa60b92cb1f25c3cd7580a3e72
<?xml version="1.0" encoding="utf-8"?><result info="0.50" msg=""/>
http://gi.jinpaizhan.com:81/doBusiness.do?params=TMeWzmafz6/X8j+l9UjgJaHHe2YbZtR/6VAFww5HZRVr88bL1FwwMEiP3p3bi40oLHdVqm7ESp58c48piTqOx1MOYdLB1FG2b1jqOAsGU5zx1NN1nb1G5QywDZ9/QQVD42TRV5zGMLc=&key=037508fa60b92cb1f25c3cd7580a3e72
<?xml version="1.0" encoding="utf-8"?><result info="0.50" msg=""/>
http://gi.jinpaizhan.com:81/doBusiness.do?params=TMeWzmafz6/X8j+l9UjgJaHHe2YbZtR/6VAFww5HZRVr88bL1FwwMEiP3p3bi40oLHdVqm7ESp58c48piTqOx1MOYdLB1FG2b1jqOAsGU5zx1NN1nb1G5QywDZ9/QQVD42TRV5zGMLc=&key=037508fa60b92cb1f25c3cd7580a3e72
<?xml version="1.0" encoding="utf-8"?><result info="0.50" msg=""/>
http://gi.jinpaizhan.com:81/doBusiness.do?params=TMeWzmafz6/X8j+l9UjgJaHHe2YbZtR/6VAFww5HZRVr88bL1FwwMEiP3p3bi40oLHdVqm7ESp58c48piTqOx1MOYdLB1FG2b1jqOAsGU5zx1NN1nb1G5QywDZ9/QQVD42TRV5zGMLc=&key=037508fa60b92cb1f25c3cd7580a3e72
<?xml version="1.0" encoding="utf-8"?><result info="0.50" msg=""/>
http://gi.jinpaizhan.com:81/doBusiness.do?params=TMeWzmafz6/X8j+l9UjgJaHHe2YbZtR/6VAFww5HZRVr88bL1FwwMEiP3p3bi40oLHdVqm7ESp58c48piTqOx1MOYdLB1FG2b1jqOAsGU5zx1NN1nb1G5QywDZ9/QQVD42TRV5zGMLc=&key=037508fa60b92cb1f25c3cd7580a3e72
<?xml version="1.0" encoding="utf-8"?><result info="0.50" msg=""/>
http://gi.jinpaizhan.com:81/doBusiness.do?params=TMeWzmafz6/X8j+l9UjgJaHHe2YbZtR/6VAFww5HZRVr88bL1FwwMEiP3p3bi40oLHdVqm7ESp58c48piTqOx1MOYdLB1FG2b1jqOAsGU5zx1NN1nb1G5QywDZ9/QQVD42TRV5zGMLc=&key=037508fa60b92cb1f25c3cd7580a3e72
<?xml version="1.0" encoding="utf-8"?><result info="0.50" msg=""/>
http://gi.jinpaizhan.com:81/doBusiness.do?params=TMeWzmafz6/X8j+l9UjgJaHHe2YbZtR/6VAFww5HZRVr88bL1FwwMEiP3p3bi40oLHdVqm7ESp58c48piTqOx1MOYdLB1FG2b1jqOAsGU5zx1NN1nb1G5QywDZ9/QQVD42TRV5zGMLc=&key=037508fa60b92cb1f25c3cd7580a3e72
<?xml version="1.0" encoding="utf-8"?><result info="0.50" msg=""/>
http://gi.jinpaizhan.com:81/doBusiness.do?params=TMeWzmafz6/X8j+l9UjgJaHHe2YbZtR/6VAFww5HZRVr88bL1FwwMEiP3p3bi40oLHdVqm7ESp58c48piTqOx1MOYdLB1FG2b1jqOAsGU5zx1NN1nb1G5QywDZ9/QQVD42TRV5zGMLc=&key=037508fa60b92cb1f25c3cd7580a3e72
<?xml version="1.0" encoding="utf-8"?><result info="0.50" msg=""/>
http://gi.jinpaizhan.com:81/doBusiness.do?params=TMeWzmafz6/X8j+l9UjgJaHHe2YbZtR/6VAFww5HZRVr88bL1FwwMEiP3p3bi40oLHdVqm7ESp58c48piTqOx1MOYdLB1FG2b1jqOAsGU5zx1NN1nb1G5QywDZ9/QQVD42TRV5zGMLc=&key=037508fa60b92cb1f25c3cd7580a3e72
<?xml version="1.0" encoding="utf-8"?><result info="0.50" msg=""/>
http://gi.jinpaizhan.com:81/doBusiness.do?params=TMeWzmafz6/X8j+l9UjgJaHHe2YbZtR/6VAFww5HZRVr88bL1FwwMEiP3p3bi40oLHdVqm7ESp58c48piTqOx1MOYdLB1FG2b1jqOAsGU5zx1NN1nb1G5QywDZ9/QQVD42TRV5zGMLc=&key=037508fa60b92cb1f25c3cd7580a3e72
<?xml version="1.0" encoding="utf-8"?><result info="0.50" msg=""/>
http://gi.jinpaizhan.com:81/doBusiness.do?params=TMeWzmafz6/X8j+l9UjgJaHHe2YbZtR/c+I+c+91JTjgAZP8G3/Sp1Ks6R8pLQJvQoUYySJcp+9quMM26cNHKA48gBfqS3+pUxkoJ9AhrjPBz17Ul3r58bZl0tEiVD2dgeR0KaOM1bo=&key=32f30405d335e814fbee5e88e650dec6
<?xml version="1.0" encoding="utf-8"?><result info="3.00" msg=""/>
http://gi.jinpaizhan.com:81/doBusiness.do?params=TMeWzmafz6/X8j+l9UjgJaHHe2YbZtR/WB6UcoZOnU6P1b7EVnvWe1Ks6R8pLQJvQoUYySJcp+9quMM26cNHKA48gBfqS3+pUxkoJ9AhrjPBz17Ul3r58bZl0tEiVD2dgeR0KaOM1bo=&key=ec6715900fd8653670ca59d5046dace3
<?xml version="1.0" encoding="utf-8"?><result info="0.00" msg=""/>
http://gi.jinpaizhan.com:81/doBusiness.do?params=TMeWzmafz6/X8j+l9UjgJaHHe2YbZtR/WB6UcoZOnU6P1b7EVnvWe1Ks6R8pLQJvQoUYySJcp+9quMM26cNHKA48gBfqS3+pUxkoJ9AhrjPBz17Ul3r58bZl0tEiVD2dgeR0KaOM1bo=&key=ec6715900fd8653670ca59d5046dace3
<?xml version="1.0" encoding="utf-8"?><result info="0.00" msg=""/>
http://gi.jinpaizhan.com:81/doBusiness.do?params=TMeWzmafz6/X8j+l9UjgJaHHe2YbZtR/WB6UcoZOnU6P1b7EVnvWe1Ks6R8pLQJvQoUYySJcp+9quMM26cNHKA48gBfqS3+pUxkoJ9AhrjPBz17Ul3r58bZl0tEiVD2dgeR0KaOM1bo=&key=ec6715900fd8653670ca59d5046dace3
<?xml version="1.0" encoding="utf-8"?><result info="0.00" msg=""/>
http://gi.jinpaizhan.com:81/doBusiness.do?params=TMeWzmafz6/X8j+l9UjgJaHHe2YbZtR/c+I+c+91JTjgAZP8G3/Sp1Ks6R8pLQJvQoUYySJcp+9quMM26cNHKA48gBfqS3+pUxkoJ9AhrjPBz17Ul3r58bZl0tEiVD2dgeR0KaOM1bo=&key=32f30405d335e814fbee5e88e650dec6
<?xml version="1.0" encoding="utf-8"?><result info="3.00" msg=""/>
http://gi.jinpaizhan.com:81/doBusiness.do?params=TMeWzmafz6/X8j+l9UjgJaHHe2YbZtR/c+I+c+91JTjgAZP8G3/Sp1Ks6R8pLQJvQoUYySJcp+9quMM26cNHKA48gBfqS3+pUxkoJ9AhrjPBz17Ul3r58bZl0tEiVD2dgeR0KaOM1bo=&key=32f30405d335e814fbee5e88e650dec6
<?xml version="1.0" encoding="utf-8"?><result info="3.00" msg=""/>
http://gi.jinpaizhan.com:81/doBusiness.do?params=TMeWzmafz6/X8j+l9UjgJaHHe2YbZtR/c+I+c+91JTjgAZP8G3/Sp1Ks6R8pLQJvQoUYySJcp+9quMM26cNHKA48gBfqS3+pUxkoJ9AhrjPBz17Ul3r58bZl0tEiVD2dgeR0KaOM1bo=&key=32f30405d335e814fbee5e88e650dec6
<?xml version="1.0" encoding="utf-8"?><result info="3.00" msg=""/>
http://gi.jinpaizhan.com:81/doBusiness.do?params=TMeWzmafz6/X8j+l9UjgJaHHe2YbZtR/c+I+c+91JTjgAZP8G3/Sp1Ks6R8pLQJvQoUYySJcp+9quMM26cNHKA48gBfqS3+pUxkoJ9AhrjPBz17Ul3r58bZl0tEiVD2dgeR0KaOM1bo=&key=32f30405d335e814fbee5e88e650dec6
<?xml version="1.0" encoding="utf-8"?><result info="3.00" msg=""/>
http://gi.jinpaizhan.com:81/doBusiness.do?params=TMeWzmafz6/X8j+l9UjgJaHHe2YbZtR/c+I+c+91JTjgAZP8G3/Sp1Ks6R8pLQJvQoUYySJcp+9quMM26cNHKA48gBfqS3+pUxkoJ9AhrjPBz17Ul3r58bZl0tEiVD2dgeR0KaOM1bo=&key=32f30405d335e814fbee5e88e650dec6
<?xml version="1.0" encoding="utf-8"?><result info="3.00" msg=""/>
http://gi.jinpaizhan.com:81/doBusiness.do?params=TMeWzmafz6/X8j+l9UjgJaHHe2YbZtR/WB6UcoZOnU6P1b7EVnvWe1Ks6R8pLQJvQoUYySJcp+9quMM26cNHKA48gBfqS3+pUxkoJ9AhrjPBz17Ul3r58bZl0tEiVD2dgeR0KaOM1bo=&key=ec6715900fd8653670ca59d5046dace3
<?xml version="1.0" encoding="utf-8"?><result info="0.00" msg=""/>
http://gi.jinpaizhan.com:81/doBusiness.do?params=TMeWzmafz6/X8j+l9UjgJaHHe2YbZtR/c+I+c+91JTjgAZP8G3/Sp1Ks6R8pLQJvQoUYySJcp+9quMM26cNHKA48gBfqS3+pUxkoJ9AhrjPBz17Ul3r58bZl0tEiVD2dgeR0KaOM1bo=&key=32f30405d335e814fbee5e88e650dec6
<?xml version="1.0" encoding="utf-8"?><result info="3.00" msg=""/>
http://gi.jinpaizhan.com:81/doBusiness.do?params=TMeWzmafz6/X8j+l9UjgJaHHe2YbZtR/c+I+c+91JTjgAZP8G3/Sp1Ks6R8pLQJvQoUYySJcp+9quMM26cNHKA48gBfqS3+pUxkoJ9AhrjPBz17Ul3r58bZl0tEiVD2dgeR0KaOM1bo=&key=32f30405d335e814fbee5e88e650dec6
<?xml version="1.0" encoding="utf-8"?><result info="3.00" msg=""/>
http://gi.jinpaizhan.com:81/doBusiness.do?params=TMeWzmafz6/X8j+l9UjgJaHHe2YbZtR/c+I+c+91JTjgAZP8G3/Sp1Ks6R8pLQJvQoUYySJcp+9quMM26cNHKA48gBfqS3+pUxkoJ9AhrjPBz17Ul3r58bZl0tEiVD2dgeR0KaOM1bo=&key=32f30405d335e814fbee5e88e650dec6
<?xml version="1.0" encoding="utf-8"?><result info="3.00" msg=""/>
http://gi.jinpaizhan.com:81/doBusiness.do?params=TMeWzmafz6/X8j+l9UjgJaHHe2YbZtR/c+I+c+91JTjgAZP8G3/Sp1Ks6R8pLQJvQoUYySJcp+9quMM26cNHKA48gBfqS3+pUxkoJ9AhrjPBz17Ul3r58bZl0tEiVD2dgeR0KaOM1bo=&key=32f30405d335e814fbee5e88e650dec6
<?xml version="1.0" encoding="utf-8"?><result info="3.00" msg=""/>
http://gi.jinpaizhan.com:81/doBusiness.do?params=TMeWzmafz6/X8j+l9UjgJaHHe2YbZtR/c+I+c+91JTjgAZP8G3/Sp1Ks6R8pLQJvQoUYySJcp+9quMM26cNHKA48gBfqS3+pUxkoJ9AhrjPBz17Ul3r58bZl0tEiVD2dgeR0KaOM1bo=&key=32f30405d335e814fbee5e88e650dec6
<?xml version="1.0" encoding="utf-8"?><result info="3.00" msg=""/>
http://gi.jinpaizhan.com:81/doBusiness.do?params=TMeWzmafz6/X8j+l9UjgJaHHe2YbZtR/dfAeI8Jy95Vr88bL1FwwMEiP3p3bi40oLHdVqm7ESp58c48piTqOx1MOYdLB1FG2b1jqOAsGU5zx1NN1nb1G5QywDZ9/QQVD42TRV5zGMLc=&key=dfd378b7015a720b438d26b85e7d8de8
<?xml version="1.0" encoding="utf-8"?><result info="0.00" msg=""/>
http://gi.jinpaizhan.com:81/doBusiness.do?params=TMeWzmafz6/X8j+l9UjgJaHHe2YbZtR/dfAeI8Jy95Vr88bL1FwwMEiP3p3bi40oLHdVqm7ESp58c48piTqOx1MOYdLB1FG2b1jqOAsGU5zx1NN1nb1G5QywDZ9/QQVD42TRV5zGMLc=&key=dfd378b7015a720b438d26b85e7d8de8
<?xml version="1.0" encoding="utf-8"?><result info="0.00" msg=""/>
http://gi.jinpaizhan.com:81/doBusiness.do?params=TMeWzmafz6/X8j+l9UjgJaHHe2YbZtR/dfAeI8Jy95Vr88bL1FwwMEiP3p3bi40oLHdVqm7ESp58c48piTqOx1MOYdLB1FG2b1jqOAsGU5zx1NN1nb1G5QywDZ9/QQVD42TRV5zGMLc=&key=dfd378b7015a720b438d26b85e7d8de8
<?xml version="1.0" encoding="utf-8"?><result info="0.00" msg=""/>
http://gi.jinpaizhan.com:81/doBusiness.do?params=TMeWzmafz6/X8j+l9UjgJaHHe2YbZtR/dfAeI8Jy95Vr88bL1FwwMEiP3p3bi40oLHdVqm7ESp58c48piTqOx1MOYdLB1FG2b1jqOAsGU5zx1NN1nb1G5QywDZ9/QQVD42TRV5zGMLc=&key=dfd378b7015a720b438d26b85e7d8de8
<?xml version="1.0" encoding="utf-8"?><result info="0.00" msg=""/>
http://gi.jinpaizhan.com:81/doBusiness.do?params=TMeWzmafz6/X8j+l9UjgJaHHe2YbZtR/dfAeI8Jy95Vr88bL1FwwMEiP3p3bi40oLHdVqm7ESp58c48piTqOx1MOYdLB1FG2b1jqOAsGU5zx1NN1nb1G5QywDZ9/QQVD42TRV5zGMLc=&key=dfd378b7015a720b438d26b85e7d8de8
<?xml version="1.0" encoding="utf-8"?><result info="0.00" msg=""/>
http://gi.jinpaizhan.com:81/doBusiness.do?params=TMeWzmafz6/X8j+l9UjgJaHHe2YbZtR/dfAeI8Jy95Vr88bL1FwwMEiP3p3bi40oLHdVqm7ESp58c48piTqOx1MOYdLB1FG2b1jqOAsGU5zx1NN1nb1G5QywDZ9/QQVD42TRV5zGMLc=&key=dfd378b7015a720b438d26b85e7d8de8
<?xml version="1.0" encoding="utf-8"?><result info="0.00" msg=""/>
http://gi.jinpaizhan.com:81/doBusiness.do?params=TMeWzmafz6/X8j+l9UjgJaHHe2YbZtR/6VAFww5HZRVr88bL1FwwMEiP3p3bi40oLHdVqm7ESp58c48piTqOx1MOYdLB1FG2b1jqOAsGU5zx1NN1nb1G5QywDZ9/QQVD42TRV5zGMLc=&key=037508fa60b92cb1f25c3cd7580a3e72
<?xml version="1.0" encoding="utf-8"?><result info="0.50" msg=""/>
http://gi.jinpaizhan.com:81/doBusiness.do?params=TMeWzmafz6/X8j+l9UjgJaHHe2YbZtR/6VAFww5HZRVr88bL1FwwMEiP3p3bi40oLHdVqm7ESp58c48piTqOx1MOYdLB1FG2b1jqOAsGU5zx1NN1nb1G5QywDZ9/QQVD42TRV5zGMLc=&key=037508fa60b92cb1f25c3cd7580a3e72
<?xml version="1.0" encoding="utf-8"?><result info="0.50" msg=""/>
http://gi.jinpaizhan.com:81/doBusiness.do?params=TMeWzmafz6/X8j+l9UjgJaHHe2YbZtR/6VAFww5HZRVr88bL1FwwMEiP3p3bi40oLHdVqm7ESp58c48piTqOx1MOYdLB1FG2b1jqOAsGU5zx1NN1nb1G5QywDZ9/QQVD42TRV5zGMLc=&key=037508fa60b92cb1f25c3cd7580a3e72
<?xml version="1.0" encoding="utf-8"?><result info="0.50" msg=""/>
http://gi.jinpaizhan.com:81/doBusiness.do?params=TMeWzmafz6/X8j+l9UjgJaHHe2YbZtR/6VAFww5HZRVr88bL1FwwMEiP3p3bi40oLHdVqm7ESp58c48piTqOx1MOYdLB1FG2b1jqOAsGU5zx1NN1nb1G5QywDZ9/QQVD42TRV5zGMLc=&key=037508fa60b92cb1f25c3cd7580a3e72
<?xml version="1.0" encoding="utf-8"?><result info="0.50" msg=""/>
http://gi.jinpaizhan.com:81/doBusiness.do?params=TMeWzmafz6/X8j+l9UjgJaHHe2YbZtR/6VAFww5HZRVr88bL1FwwMEiP3p3bi40oLHdVqm7ESp58c48piTqOx1MOYdLB1FG2b1jqOAsGU5zx1NN1nb1G5QywDZ9/QQVD42TRV5zGMLc=&key=037508fa60b92cb1f25c3cd7580a3e72
<?xml version="1.0" encoding="utf-8"?><result info="0.50" msg=""/>
http://gi.jinpaizhan.com:81/doBusiness.do?params=TMeWzmafz6/X8j+l9UjgJaHHe2YbZtR/c+I+c+91JTjgAZP8G3/Sp1Ks6R8pLQJvQoUYySJcp+9quMM26cNHKA48gBfqS3+pUxkoJ9AhrjPBz17Ul3r58bZl0tEiVD2dgeR0KaOM1bo=&key=32f30405d335e814fbee5e88e650dec6
<?xml version="1.0" encoding="utf-8"?><result info="3.00" msg=""/>
http://gi.jinpaizhan.com:81/doBusiness.do?params=TMeWzmafz6/X8j+l9UjgJaHHe2YbZtR/c+I+c+91JTjgAZP8G3/Sp1Ks6R8pLQJvQoUYySJcp+9quMM26cNHKA48gBfqS3+pUxkoJ9AhrjPBz17Ul3r58bZl0tEiVD2dgeR0KaOM1bo=&key=32f30405d335e814fbee5e88e650dec6
<?xml version="1.0" encoding="utf-8"?><result info="3.00" msg=""/>
http://gi.jinpaizhan.com:81/doBusiness.do?params=TMeWzmafz6/X8j+l9UjgJaHHe2YbZtR/c+I+c+91JTjgAZP8G3/Sp1Ks6R8pLQJvQoUYySJcp+9quMM26cNHKA48gBfqS3+pUxkoJ9AhrjPBz17Ul3r58bZl0tEiVD2dgeR0KaOM1bo=&key=32f30405d335e814fbee5e88e650dec6
<?xml version="1.0" encoding="utf-8"?><result info="3.00" msg=""/>
http://gi.jinpaizhan.com:81/doBusiness.do?params=TMeWzmafz6/X8j+l9UjgJaHHe2YbZtR/c+I+c+91JTjgAZP8G3/Sp1Ks6R8pLQJvQoUYySJcp+9quMM26cNHKA48gBfqS3+pUxkoJ9AhrjPBz17Ul3r58bZl0tEiVD2dgeR0KaOM1bo=&key=32f30405d335e814fbee5e88e650dec6
<?xml version="1.0" encoding="utf-8"?><result info="3.00" msg=""/>
http://gi.jinpaizhan.com:81/doBusiness.do?params=TMeWzmafz6/X8j+l9UjgJaHHe2YbZtR/c+I+c+91JTjgAZP8G3/Sp1Ks6R8pLQJvQoUYySJcp+9quMM26cNHKA48gBfqS3+pUxkoJ9AhrjPBz17Ul3r58bZl0tEiVD2dgeR0KaOM1bo=&key=32f30405d335e814fbee5e88e650dec6
<?xml version="1.0" encoding="utf-8"?><result info="3.00" msg=""/>
http://gi.jinpaizhan.com:81/doBusiness.do?params=TMeWzmafz6/X8j+l9UjgJaHHe2YbZtR/6VAFww5HZRVr88bL1FwwMEiP3p3bi40oLHdVqm7ESp58c48piTqOx1MOYdLB1FG2b1jqOAsGU5zx1NN1nb1G5QywDZ9/QQVD42TRV5zGMLc=&key=037508fa60b92cb1f25c3cd7580a3e72
<?xml version="1.0" encoding="utf-8"?><result info="0.50" msg=""/>
http://gi.jinpaizhan.com:81/doBusiness.do?params=TMeWzmafz6/X8j+l9UjgJaHHe2YbZtR/6VAFww5HZRVr88bL1FwwMEiP3p3bi40oLHdVqm7ESp58c48piTqOx1MOYdLB1FG2b1jqOAsGU5zx1NN1nb1G5QywDZ9/QQVD42TRV5zGMLc=&key=037508fa60b92cb1f25c3cd7580a3e72
<?xml version="1.0" encoding="utf-8"?><result info="0.50" msg=""/>
http://gi.jinpaizhan.com:81/doBusiness.do?params=TMeWzmafz6/X8j+l9UjgJaHHe2YbZtR/6VAFww5HZRVr88bL1FwwMEiP3p3bi40oLHdVqm7ESp58c48piTqOx1MOYdLB1FG2b1jqOAsGU5zx1NN1nb1G5QywDZ9/QQVD42TRV5zGMLc=&key=037508fa60b92cb1f25c3cd7580a3e72
<?xml version="1.0" encoding="utf-8"?><result info="0.50" msg=""/>
http://gi.jinpaizhan.com:81/doBusiness.do?params=TMeWzmafz6/X8j+l9UjgJaHHe2YbZtR/6VAFww5HZRVr88bL1FwwMEiP3p3bi40oLHdVqm7ESp58c48piTqOx1MOYdLB1FG2b1jqOAsGU5zx1NN1nb1G5QywDZ9/QQVD42TRV5zGMLc=&key=037508fa60b92cb1f25c3cd7580a3e72
<?xml version="1.0" encoding="utf-8"?><result info="0.50" msg=""/>
http://gi.jinpaizhan.com:81/doBusiness.do?params=TMeWzmafz6/X8j+l9UjgJaHHe2YbZtR/6VAFww5HZRVr88bL1FwwMEiP3p3bi40oLHdVqm7ESp58c48piTqOx1MOYdLB1FG2b1jqOAsGU5zx1NN1nb1G5QywDZ9/QQVD42TRV5zGMLc=&key=037508fa60b92cb1f25c3cd7580a3e72
<?xml version="1.0" encoding="utf-8"?><result info="0.50" msg=""/>
http://gi.jinpaizhan.com:81/doBusiness.do?params=TMeWzmafz6/X8j+l9UjgJaHHe2YbZtR/c+I+c+91JTjgAZP8G3/Sp1Ks6R8pLQJvQoUYySJcp+9quMM26cNHKA48gBfqS3+pUxkoJ9AhrjPBz17Ul3r58bZl0tEiVD2dgeR0KaOM1bo=&key=32f30405d335e814fbee5e88e650dec6
<?xml version="1.0" encoding="utf-8"?><result info="3.00" msg=""/>
http://gi.jinpaizhan.com:81/doBusiness.do?params=TMeWzmafz6/X8j+l9UjgJaHHe2YbZtR/c+I+c+91JTjgAZP8G3/Sp1Ks6R8pLQJvQoUYySJcp+9quMM26cNHKA48gBfqS3+pUxkoJ9AhrjPBz17Ul3r58bZl0tEiVD2dgeR0KaOM1bo=&key=32f30405d335e814fbee5e88e650dec6
<?xml version="1.0" encoding="utf-8"?><result info="3.00" msg=""/>
http://gi.jinpaizhan.com:81/doBusiness.do?params=TMeWzmafz6/X8j+l9UjgJaHHe2YbZtR/c+I+c+91JTjgAZP8G3/Sp1Ks6R8pLQJvQoUYySJcp+9quMM26cNHKA48gBfqS3+pUxkoJ9AhrjPBz17Ul3r58bZl0tEiVD2dgeR0KaOM1bo=&key=32f30405d335e814fbee5e88e650dec6
<?xml version="1.0" encoding="utf-8"?><result info="3.00" msg=""/>
http://gi.jinpaizhan.com:81/doBusiness.do?params=TMeWzmafz6/X8j+l9UjgJaHHe2YbZtR/c+I+c+91JTjgAZP8G3/Sp1Ks6R8pLQJvQoUYySJcp+9quMM26cNHKA48gBfqS3+pUxkoJ9AhrjPBz17Ul3r58bZl0tEiVD2dgeR0KaOM1bo=&key=32f30405d335e814fbee5e88e650dec6
<?xml version="1.0" encoding="utf-8"?><result info="3.00" msg=""/>
http://gi.jinpaizhan.com:81/doBusiness.do?params=TMeWzmafz6/X8j+l9UjgJaHHe2YbZtR/c+I+c+91JTjgAZP8G3/Sp1Ks6R8pLQJvQoUYySJcp+9quMM26cNHKA48gBfqS3+pUxkoJ9AhrjPBz17Ul3r58bZl0tEiVD2dgeR0KaOM1bo=&key=32f30405d335e814fbee5e88e650dec6
<?xml version="1.0" encoding="utf-8"?><result info="3.00" msg=""/>
http://gi.jinpaizhan.com:81/doBusiness.do?params=TMeWzmafz6/X8j+l9UjgJaHHe2YbZtR/c+I+c+91JTjgAZP8G3/Sp1Ks6R8pLQJvQoUYySJcp+9quMM26cNHKA48gBfqS3+pUxkoJ9AhrjPBz17Ul3r58bZl0tEiVD2dgeR0KaOM1bo=&key=32f30405d335e814fbee5e88e650dec6
<?xml version="1.0" encoding="utf-8"?><result info="3.00" msg=""/>
http://gi.jinpaizhan.com:81/doBusiness.do?params=TMeWzmafz6/X8j+l9UjgJaHHe2YbZtR/c+I+c+91JTjgAZP8G3/Sp1Ks6R8pLQJvQoUYySJcp+9quMM26cNHKA48gBfqS3+pUxkoJ9AhrjPBz17Ul3r58bZl0tEiVD2dgeR0KaOM1bo=&key=32f30405d335e814fbee5e88e650dec6
<?xml version="1.0" encoding="utf-8"?><result info="3.00" msg=""/>
http://gi.jinpaizhan.com:81/doBusiness.do?params=TMeWzmafz6/X8j+l9UjgJaHHe2YbZtR/c+I+c+91JTjgAZP8G3/Sp1Ks6R8pLQJvQoUYySJcp+9quMM26cNHKA48gBfqS3+pUxkoJ9AhrjPBz17Ul3r58bZl0tEiVD2dgeR0KaOM1bo=&key=32f30405d335e814fbee5e88e650dec6
<?xml version="1.0" encoding="utf-8"?><result info="3.00" msg=""/>
http://gi.jinpaizhan.com:81/doBusiness.do?params=TMeWzmafz6/X8j+l9UjgJaHHe2YbZtR/c+I+c+91JTjgAZP8G3/Sp1Ks6R8pLQJvQoUYySJcp+9quMM26cNHKA48gBfqS3+pUxkoJ9AhrjPBz17Ul3r58bZl0tEiVD2dgeR0KaOM1bo=&key=32f30405d335e814fbee5e88e650dec6
<?xml version="1.0" encoding="utf-8"?><result info="3.00" msg=""/>
http://gi.jinpaizhan.com:81/doBusiness.do?params=TMeWzmafz6/X8j+l9UjgJaHHe2YbZtR/c+I+c+91JTjgAZP8G3/Sp1Ks6R8pLQJvQoUYySJcp+9quMM26cNHKA48gBfqS3+pUxkoJ9AhrjPBz17Ul3r58bZl0tEiVD2dgeR0KaOM1bo=&key=32f30405d335e814fbee5e88e650dec6
<?xml version="1.0" encoding="utf-8"?><result info="3.00" msg=""/>
http://gi.jinpaizhan.com:81/doBusiness.do?params=TMeWzmafz6/X8j+l9UjgJaHHe2YbZtR/c+I+c+91JTjgAZP8G3/Sp1Ks6R8pLQJvQoUYySJcp+9quMM26cNHKA48gBfqS3+pUxkoJ9AhrjPBz17Ul3r58bZl0tEiVD2dgeR0KaOM1bo=&key=32f30405d335e814fbee5e88e650dec6
<?xml version="1.0" encoding="utf-8"?><result info="3.00" msg=""/>
http://gi.jinpaizhan.com:81/doBusiness.do?params=TMeWzmafz6/X8j+l9UjgJaHHe2YbZtR/WB6UcoZOnU6P1b7EVnvWe1Ks6R8pLQJvQoUYySJcp+9quMM26cNHKA48gBfqS3+pUxkoJ9AhrjPBz17Ul3r58bZl0tEiVD2dgeR0KaOM1bo=&key=ec6715900fd8653670ca59d5046dace3
<?xml version="1.0" encoding="utf-8"?><result info="0.00" msg=""/>
http://gi.jinpaizhan.com:81/doBusiness.do?params=TMeWzmafz6/X8j+l9UjgJaHHe2YbZtR/WB6UcoZOnU6P1b7EVnvWe1Ks6R8pLQJvQoUYySJcp+9quMM26cNHKA48gBfqS3+pUxkoJ9AhrjPBz17Ul3r58bZl0tEiVD2dgeR0KaOM1bo=&key=ec6715900fd8653670ca59d5046dace3
<?xml version="1.0" encoding="utf-8"?><result info="1.00" msg=""/>
http://gi.jinpaizhan.com:81/doBusiness.do?params=TMeWzmafz6/X8j+l9UjgJaHHe2YbZtR/WB6UcoZOnU6P1b7EVnvWe1Ks6R8pLQJvQoUYySJcp+9quMM26cNHKA48gBfqS3+pUxkoJ9AhrjPBz17Ul3r58bZl0tEiVD2dgeR0KaOM1bo=&key=ec6715900fd8653670ca59d5046dace3
<?xml version="1.0" encoding="utf-8"?><result info="0.00" msg=""/>
http://gi.jinpaizhan.com:81/doBusiness.do?params=TMeWzmafz6/X8j+l9UjgJaHHe2YbZtR/WB6UcoZOnU6P1b7EVnvWe1Ks6R8pLQJvQoUYySJcp+9quMM26cNHKA48gBfqS3+pUxkoJ9AhrjPBz17Ul3r58bZl0tEiVD2dgeR0KaOM1bo=&key=ec6715900fd8653670ca59d5046dace3
<?xml version="1.0" encoding="utf-8"?><result info="0.00" msg=""/>
http://gi.jinpaizhan.com:81/doBusiness.do?params=TMeWzmafz6/X8j+l9UjgJaHHe2YbZtR/WB6UcoZOnU6P1b7EVnvWe1Ks6R8pLQJvQoUYySJcp+9quMM26cNHKA48gBfqS3+pUxkoJ9AhrjPBz17Ul3r58bZl0tEiVD2dgeR0KaOM1bo=&key=ec6715900fd8653670ca59d5046dace3
<?xml version="1.0" encoding="utf-8"?><result info="0.00" msg=""/>
http://gi.jinpaizhan.com:81/doBusiness.do?params=TMeWzmafz6/X8j+l9UjgJaHHe2YbZtR/WB6UcoZOnU6P1b7EVnvWe1Ks6R8pLQJvQoUYySJcp+9quMM26cNHKA48gBfqS3+pUxkoJ9AhrjPBz17Ul3r58bZl0tEiVD2dgeR0KaOM1bo=&key=ec6715900fd8653670ca59d5046dace3
<?xml version="1.0" encoding="utf-8"?><result info="0.00" msg=""/>
http://gi.jinpaizhan.com:81/doBusiness.do?params=TMeWzmafz6/X8j+l9UjgJaHHe2YbZtR/WB6UcoZOnU6P1b7EVnvWe1Ks6R8pLQJvQoUYySJcp+9quMM26cNHKA48gBfqS3+pUxkoJ9AhrjPBz17Ul3r58bZl0tEiVD2dgeR0KaOM1bo=&key=ec6715900fd8653670ca59d5046dace3
<?xml version="1.0" encoding="utf-8"?><result info="0.00" msg=""/>
http://gi.jinpaizhan.com:81/doBusiness.do?params=TMeWzmafz6/X8j+l9UjgJaHHe2YbZtR/c+I+c+91JTjgAZP8G3/Sp1Ks6R8pLQJvQoUYySJcp+9quMM26cNHKA48gBfqS3+pUxkoJ9AhrjPBz17Ul3r58bZl0tEiVD2dgeR0KaOM1bo=&key=32f30405d335e814fbee5e88e650dec6
<?xml version="1.0" encoding="utf-8"?><result info="3.00" msg=""/>
http://gi.jinpaizhan.com:81/doBusiness.do?params=TMeWzmafz6/X8j+l9UjgJaHHe2YbZtR/c+I+c+91JTjgAZP8G3/Sp1Ks6R8pLQJvQoUYySJcp+9quMM26cNHKA48gBfqS3+pUxkoJ9AhrjPBz17Ul3r58bZl0tEiVD2dgeR0KaOM1bo=&key=32f30405d335e814fbee5e88e650dec6
<?xml version="1.0" encoding="utf-8"?><result info="3.00" msg=""/>
http://gi.jinpaizhan.com:81/doBusiness.do?params=TMeWzmafz6/X8j+l9UjgJaHHe2YbZtR/WB6UcoZOnU6P1b7EVnvWe1Ks6R8pLQJvQoUYySJcp+9quMM26cNHKA48gBfqS3+pUxkoJ9AhrjPBz17Ul3r58bZl0tEiVD2dgeR0KaOM1bo=&key=ec6715900fd8653670ca59d5046dace3
<?xml version="1.0" encoding="utf-8"?><result info="0.00" msg=""/>
http://gi.jinpaizhan.com:81/doBusiness.do?params=TMeWzmafz6/X8j+l9UjgJaHHe2YbZtR/WB6UcoZOnU6P1b7EVnvWe1Ks6R8pLQJvQoUYySJcp+9quMM26cNHKA48gBfqS3+pUxkoJ9AhrjPBz17Ul3r58bZl0tEiVD2dgeR0KaOM1bo=&key=ec6715900fd8653670ca59d5046dace3
<?xml version="1.0" encoding="utf-8"?><result info="1.00" msg=""/>
http://gi.jinpaizhan.com:81/doBusiness.do?params=TMeWzmafz6/X8j+l9UjgJaHHe2YbZtR/WB6UcoZOnU6P1b7EVnvWe1Ks6R8pLQJvQoUYySJcp+9quMM26cNHKA48gBfqS3+pUxkoJ9AhrjPBz17Ul3r58bZl0tEiVD2dgeR0KaOM1bo=&key=ec6715900fd8653670ca59d5046dace3
<?xml version="1.0" encoding="utf-8"?><result info="1.00" msg=""/>
http://gi.jinpaizhan.com:81/doBusiness.do?params=TMeWzmafz6/X8j+l9UjgJaHHe2YbZtR/WB6UcoZOnU6P1b7EVnvWe1Ks6R8pLQJvQoUYySJcp+9quMM26cNHKA48gBfqS3+pUxkoJ9AhrjPBz17Ul3r58bZl0tEiVD2dgeR0KaOM1bo=&key=ec6715900fd8653670ca59d5046dace3
<?xml version="1.0" encoding="utf-8"?><result info="0.00" msg=""/>
http://gi.jinpaizhan.com:81/doBusiness.do?params=TMeWzmafz6/X8j+l9UjgJaHHe2YbZtR/WB6UcoZOnU6P1b7EVnvWe1Ks6R8pLQJvQoUYySJcp+9quMM26cNHKA48gBfqS3+pUxkoJ9AhrjPBz17Ul3r58bZl0tEiVD2dgeR0KaOM1bo=&key=ec6715900fd8653670ca59d5046dace3
<?xml version="1.0" encoding="utf-8"?><result info="0.00" msg=""/>
http://gi.jinpaizhan.com:81/doBusiness.do?params=TMeWzmafz6/X8j+l9UjgJaHHe2YbZtR/WB6UcoZOnU6P1b7EVnvWe1Ks6R8pLQJvQoUYySJcp+9quMM26cNHKA48gBfqS3+pUxkoJ9AhrjPBz17Ul3r58bZl0tEiVD2dgeR0KaOM1bo=&key=ec6715900fd8653670ca59d5046dace3
<?xml version="1.0" encoding="utf-8"?><result info="0.00" msg=""/>
http://gi.jinpaizhan.com:81/doBusiness.do?params=TMeWzmafz6/X8j+l9UjgJaHHe2YbZtR/WB6UcoZOnU6P1b7EVnvWe1Ks6R8pLQJvQoUYySJcp+9quMM26cNHKA48gBfqS3+pUxkoJ9AhrjPBz17Ul3r58bZl0tEiVD2dgeR0KaOM1bo=&key=ec6715900fd8653670ca59d5046dace3
<?xml version="1.0" encoding="utf-8"?><result info="1.00" msg=""/>
http://gi.jinpaizhan.com:81/doBusiness.do?params=TMeWzmafz6/X8j+l9UjgJaHHe2YbZtR/WB6UcoZOnU6P1b7EVnvWe1Ks6R8pLQJvQoUYySJcp+9quMM26cNHKA48gBfqS3+pUxkoJ9AhrjPBz17Ul3r58bZl0tEiVD2dgeR0KaOM1bo=&key=ec6715900fd8653670ca59d5046dace3
<?xml version="1.0" encoding="utf-8"?><result info="0.00" msg=""/>
http://gi.jinpaizhan.com:81/doBusiness.do?params=TMeWzmafz6/X8j+l9UjgJaHHe2YbZtR/WB6UcoZOnU6P1b7EVnvWe1Ks6R8pLQJvQoUYySJcp+9quMM26cNHKA48gBfqS3+pUxkoJ9AhrjPBz17Ul3r58bZl0tEiVD2dgeR0KaOM1bo=&key=ec6715900fd8653670ca59d5046dace3
<?xml version="1.0" encoding="utf-8"?><result info="0.00" msg=""/>
http://gi.jinpaizhan.com:81/doBusiness.do?params=TMeWzmafz6/X8j+l9UjgJaHHe2YbZtR/WB6UcoZOnU6P1b7EVnvWe1Ks6R8pLQJvQoUYySJcp+9quMM26cNHKA48gBfqS3+pUxkoJ9AhrjPBz17Ul3r58bZl0tEiVD2dgeR0KaOM1bo=&key=ec6715900fd8653670ca59d5046dace3
<?xml version="1.0" encoding="utf-8"?><result info="0.00" msg=""/>
http://gi.jinpaizhan.com:81/doBusiness.do?params=TMeWzmafz6/X8j+l9UjgJaHHe2YbZtR/WB6UcoZOnU6P1b7EVnvWe1Ks6R8pLQJvQoUYySJcp+9quMM26cNHKA48gBfqS3+pUxkoJ9AhrjPBz17Ul3r58bZl0tEiVD2dgeR0KaOM1bo=&key=ec6715900fd8653670ca59d5046dace3
<?xml version="1.0" encoding="utf-8"?><result info="0.00" msg=""/>
