<?xml version="1.0" encoding="utf-8"?><result info="error" msg="Ip Is Not Allowed!"/>
<?xml version="1.0" encoding="utf-8"?><result info="error" msg="Ip Is Not Allowed!"/>
<?xml version="1.0" encoding="utf-8"?><result info="error" msg="Ip Is Not Allowed!"/>
<?xml version="1.0" encoding="utf-8"?><result info="error" msg="Ip Is Not Allowed!"/>
http://gi.jinpaizhan.com:81/doBusiness.do?params=TMeWzmafz6/X8j+l9UjgJaHHe2YbZtR/c+I+c+91JTjgAZP8G3/Sp1Ks6R8pLQJvUHkf4CVyfXxquMM26cNHKA48gBfqS3+pUxkoJ9AhrjPBz17Ul3r58dJFDuLkH9RlawT+ZWiAgnA/uDxF8hNku5wqTptersS3&key=bb47e5958c8f6401efadc724a76eeaac
<?xml version="1.0" encoding="utf-8"?><result info="error" msg="Ip Is Not Allowed!"/>
http://gi.jinpaizhan.com:81/doBusiness.do?params=TMeWzmafz6/X8j+l9UjgJaHHe2YbZtR/c+I+c+91JTjgAZP8G3/Sp1Ks6R8pLQJvUHkf4CVyfXxquMM26cNHKA48gBfqS3+pUxkoJ9AhrjPBz17Ul3r58dJFDuLkH9RlawT+ZWiAgnA/uDxF8hNku5wqTptersS3&key=bb47e5958c8f6401efadc724a76eeaac
<?xml version="1.0" encoding="utf-8"?><result info="0" msg=""/>
http://gi.jinpaizhan.com:81/doBusiness.do?params=TMeWzmafz6/X8j+l9UjgJaHHe2YbZtR/WB6UcoZOnU6P1b7EVnvWe1Ks6R8pLQJvUHkf4CVyfXxquMM26cNHKA48gBfqS3+pUxkoJ9AhrjPBz17Ul3r58dJFDuLkH9RlawT+ZWiAgnA/uDxF8hNku5wqTptersS3&key=a71549614a379ed0ecb35a500f68234c
<?xml version="1.0" encoding="utf-8"?><result info="0" msg=""/>
http://gi.jinpaizhan.com:81/doBusiness.do?params=TMeWzmafz6/X8j+l9UjgJaHHe2YbZtR/c+I+c+91JTjgAZP8G3/Sp1Ks6R8pLQJvUHkf4CVyfXxquMM26cNHKA48gBfqS3+pUxkoJ9AhrjPBz17Ul3r58dJFDuLkH9RlawT+ZWiAgnA/uDxF8hNku5wqTptersS3&key=bb47e5958c8f6401efadc724a76eeaac
<?xml version="1.0" encoding="utf-8"?><result info="0" msg=""/>
http://gi.jinpaizhan.com:81/doBusiness.do?params=TMeWzmafz6/X8j+l9UjgJaHHe2YbZtR/c+I+c+91JTjgAZP8G3/Sp1Ks6R8pLQJvUHkf4CVyfXxquMM26cNHKA48gBfqS3+pUxkoJ9AhrjPBz17Ul3r58dJFDuLkH9RlawT+ZWiAgnA/uDxF8hNku5wqTptersS3&key=bb47e5958c8f6401efadc724a76eeaac
<?xml version="1.0" encoding="utf-8"?><result info="0" msg=""/>
http://gi.jinpaizhan.com:81/doBusiness.do?params=TMeWzmafz6/X8j+l9UjgJaHHe2YbZtR/c+I+c+91JTjgAZP8G3/Sp1Ks6R8pLQJvUHkf4CVyfXxquMM26cNHKA48gBfqS3+pUxkoJ9AhrjPBz17Ul3r58dJFDuLkH9RlawT+ZWiAgnA/uDxF8hNku5wqTptersS3&key=bb47e5958c8f6401efadc724a76eeaac
<?xml version="1.0" encoding="utf-8"?><result info="0" msg=""/>
http://gi.jinpaizhan.com:81/doBusiness.do?params=TMeWzmafz6/X8j+l9UjgJaHHe2YbZtR/c+I+c+91JTjgAZP8G3/Sp1Ks6R8pLQJvUHkf4CVyfXxquMM26cNHKA48gBfqS3+pUxkoJ9AhrjPBz17Ul3r58dJFDuLkH9RlawT+ZWiAgnA/uDxF8hNku5wqTptersS3&key=bb47e5958c8f6401efadc724a76eeaac
<?xml version="1.0" encoding="utf-8"?><result info="0" msg=""/>
http://gi.jinpaizhan.com:81/doBusiness.do?params=TMeWzmafz6/X8j+l9UjgJaHHe2YbZtR/c+I+c+91JTjgAZP8G3/Sp1Ks6R8pLQJvUHkf4CVyfXxquMM26cNHKA48gBfqS3+pUxkoJ9AhrjPBz17Ul3r58dJFDuLkH9RlawT+ZWiAgnA/uDxF8hNku5wqTptersS3&key=bb47e5958c8f6401efadc724a76eeaac
<?xml version="1.0" encoding="utf-8"?><result info="0" msg=""/>
http://gi.jinpaizhan.com:81/doBusiness.do?params=TMeWzmafz6/X8j+l9UjgJaHHe2YbZtR/c+I+c+91JTjgAZP8G3/Sp1Ks6R8pLQJvUHkf4CVyfXxquMM26cNHKA48gBfqS3+pUxkoJ9AhrjPBz17Ul3r58dJFDuLkH9RlawT+ZWiAgnA/uDxF8hNku5wqTptersS3&key=bb47e5958c8f6401efadc724a76eeaac
<?xml version="1.0" encoding="utf-8"?><result info="0" msg=""/>
http://gi.jinpaizhan.com:81/doBusiness.do?params=TMeWzmafz6/X8j+l9UjgJaHHe2YbZtR/c+I+c+91JTjgAZP8G3/Sp1Ks6R8pLQJvUHkf4CVyfXxquMM26cNHKA48gBfqS3+pUxkoJ9AhrjPBz17Ul3r58dJFDuLkH9RlawT+ZWiAgnA/uDxF8hNku5wqTptersS3&key=bb47e5958c8f6401efadc724a76eeaac
<?xml version="1.0" encoding="utf-8"?><result info="0" msg=""/>
http://gi.jinpaizhan.com:81/doBusiness.do?params=TMeWzmafz6/X8j+l9UjgJaHHe2YbZtR/c+I+c+91JTjgAZP8G3/Sp1Ks6R8pLQJvUHkf4CVyfXxquMM26cNHKA48gBfqS3+pUxkoJ9AhrjPBz17Ul3r58dJFDuLkH9RlawT+ZWiAgnA/uDxF8hNku5wqTptersS3&key=bb47e5958c8f6401efadc724a76eeaac
<?xml version="1.0" encoding="utf-8"?><result info="0" msg=""/>
http://gi.jinpaizhan.com:81/doBusiness.do?params=TMeWzmafz6/X8j+l9UjgJaHHe2YbZtR/c+I+c+91JTjgAZP8G3/Sp1Ks6R8pLQJvUHkf4CVyfXxquMM26cNHKA48gBfqS3+pUxkoJ9AhrjPBz17Ul3r58dJFDuLkH9RlawT+ZWiAgnA/uDxF8hNku5wqTptersS3&key=bb47e5958c8f6401efadc724a76eeaac
<?xml version="1.0" encoding="utf-8"?><result info="0" msg=""/>
http://gi.jinpaizhan.com:81/doBusiness.do?params=TMeWzmafz6/X8j+l9UjgJaHHe2YbZtR/c+I+c+91JTjgAZP8G3/Sp1Ks6R8pLQJvUHkf4CVyfXxquMM26cNHKA48gBfqS3+pUxkoJ9AhrjPBz17Ul3r58dJFDuLkH9RlawT+ZWiAgnA/uDxF8hNku5wqTptersS3&key=bb47e5958c8f6401efadc724a76eeaac
<?xml version="1.0" encoding="utf-8"?><result info="0" msg=""/>
http://gi.jinpaizhan.com:81/doBusiness.do?params=TMeWzmafz6/X8j+l9UjgJaHHe2YbZtR/c+I+c+91JTjgAZP8G3/Sp1Ks6R8pLQJvUHkf4CVyfXxquMM26cNHKA48gBfqS3+pUxkoJ9AhrjPBz17Ul3r58dJFDuLkH9RlawT+ZWiAgnA/uDxF8hNku5wqTptersS3&key=bb47e5958c8f6401efadc724a76eeaac
<?xml version="1.0" encoding="utf-8"?><result info="0" msg=""/>
http://gi.jinpaizhan.com:81/doBusiness.do?params=TMeWzmafz6/X8j+l9UjgJaHHe2YbZtR/c+I+c+91JTjgAZP8G3/Sp1Ks6R8pLQJvUHkf4CVyfXxquMM26cNHKA48gBfqS3+pUxkoJ9AhrjPBz17Ul3r58dJFDuLkH9RlawT+ZWiAgnA/uDxF8hNku5wqTptersS3&key=bb47e5958c8f6401efadc724a76eeaac
<?xml version="1.0" encoding="utf-8"?><result info="0" msg=""/>
http://gi.jinpaizhan.com:81/doBusiness.do?params=TMeWzmafz6/X8j+l9UjgJaHHe2YbZtR/c+I+c+91JTjgAZP8G3/Sp1Ks6R8pLQJvUHkf4CVyfXxquMM26cNHKA48gBfqS3+pUxkoJ9AhrjPBz17Ul3r58dJFDuLkH9RlawT+ZWiAgnA/uDxF8hNku5wqTptersS3&key=bb47e5958c8f6401efadc724a76eeaac
<?xml version="1.0" encoding="utf-8"?><result info="0" msg=""/>
http://gi.jinpaizhan.com:81/doBusiness.do?params=TMeWzmafz6/X8j+l9UjgJaHHe2YbZtR/HUNW4u/MjgFSrOkfKS0Cb1B5H+Alcn18arjDNunDRygOPIAX6kt/qVMZKCfQIa4zwc9e1Jd6+fHSRQ7i5B/UZWsE/mVogIJwP7g8RfITZLucKk6bXq7Etw==&key=8d24265161a327b78cfbafdba74985ba
<?xml version="1.0" encoding="utf-8"?><result info="0" msg=""/>
http://gi.jinpaizhan.com:81/doBusiness.do?params=TMeWzmafz6/X8j+l9UjgJaHHe2YbZtR/c+I+c+91JTjgAZP8G3/Sp1Ks6R8pLQJvUHkf4CVyfXxquMM26cNHKA48gBfqS3+pUxkoJ9AhrjPBz17Ul3r58dJFDuLkH9RlawT+ZWiAgnA/uDxF8hNku5wqTptersS3&key=bb47e5958c8f6401efadc724a76eeaac
<?xml version="1.0" encoding="utf-8"?><result info="0" msg=""/>
http://gi.jinpaizhan.com:81/doBusiness.do?params=TMeWzmafz6/X8j+l9UjgJaHHe2YbZtR/c+I+c+91JTjgAZP8G3/Sp1Ks6R8pLQJvUHkf4CVyfXxquMM26cNHKA48gBfqS3+pUxkoJ9AhrjPBz17Ul3r58dJFDuLkH9RlawT+ZWiAgnA/uDxF8hNku5wqTptersS3&key=bb47e5958c8f6401efadc724a76eeaac
<?xml version="1.0" encoding="utf-8"?><result info="0" msg=""/>
http://gi.jinpaizhan.com:81/doBusiness.do?params=TMeWzmafz6/X8j+l9UjgJaHHe2YbZtR/nbFID1VJ8QIk9cIwQP4dkVKs6R8pLQJvUHkf4CVyfXxquMM26cNHKA48gBfqS3+pUxkoJ9AhrjPBz17Ul3r58dJFDuLkH9RlawT+ZWiAgnA/uDxF8hNku5wqTptersS3&key=bee6da7312dedbac7e201ff57f8ba986
<?xml version="1.0" encoding="utf-8"?><result info="0" msg=""/>
http://gi.jinpaizhan.com:81/doBusiness.do?params=TMeWzmafz6/X8j+l9UjgJaHHe2YbZtR/OUzF2I1LW4q8n5Y2sDQXE1Ks6R8pLQJvUHkf4CVyfXxquMM26cNHKA48gBfqS3+pUxkoJ9AhrjPBz17Ul3r58dJFDuLkH9RlawT+ZWiAgnA/uDxF8hNku5wqTptersS3&key=aaf2de7a8a566fc326e8856193b41b4e
<?xml version="1.0" encoding="utf-8"?><result info="0" msg=""/>
http://gi.jinpaizhan.com:81/doBusiness.do?params=TMeWzmafz6/X8j+l9UjgJaHHe2YbZtR/c+I+c+91JTjgAZP8G3/Sp1Ks6R8pLQJvUHkf4CVyfXxquMM26cNHKA48gBfqS3+pUxkoJ9AhrjPBz17Ul3r58dJFDuLkH9RlawT+ZWiAgnA/uDxF8hNku5wqTptersS3&key=bb47e5958c8f6401efadc724a76eeaac
<?xml version="1.0" encoding="utf-8"?><result info="0" msg=""/>
http://gi.jinpaizhan.com:81/doBusiness.do?params=TMeWzmafz6/X8j+l9UjgJaHHe2YbZtR/OUzF2I1LW4q8n5Y2sDQXE1Ks6R8pLQJvUHkf4CVyfXxquMM26cNHKA48gBfqS3+pUxkoJ9AhrjPBz17Ul3r58dJFDuLkH9RlawT+ZWiAgnA/uDxF8hNku5wqTptersS3&key=aaf2de7a8a566fc326e8856193b41b4e
<?xml version="1.0" encoding="utf-8"?><result info="0" msg=""/>
http://gi.jinpaizhan.com:81/doBusiness.do?params=TMeWzmafz6/X8j+l9UjgJaHHe2YbZtR/c+I+c+91JTjgAZP8G3/Sp1Ks6R8pLQJvUHkf4CVyfXxquMM26cNHKA48gBfqS3+pUxkoJ9AhrjPBz17Ul3r58dJFDuLkH9RlawT+ZWiAgnA/uDxF8hNku5wqTptersS3&key=bb47e5958c8f6401efadc724a76eeaac
<?xml version="1.0" encoding="utf-8"?><result info="0" msg=""/>
http://gi.jinpaizhan.com:81/doBusiness.do?params=TMeWzmafz6/X8j+l9UjgJaHHe2YbZtR/c+I+c+91JTjgAZP8G3/Sp1Ks6R8pLQJvUHkf4CVyfXxquMM26cNHKA48gBfqS3+pUxkoJ9AhrjPBz17Ul3r58dJFDuLkH9RlawT+ZWiAgnA/uDxF8hNku5wqTptersS3&key=bb47e5958c8f6401efadc724a76eeaac
<?xml version="1.0" encoding="utf-8"?><result info="0" msg=""/>
http://gi.jinpaizhan.com:81/doBusiness.do?params=TMeWzmafz6/X8j+l9UjgJaHHe2YbZtR/c+I+c+91JTjgAZP8G3/Sp1Ks6R8pLQJvUHkf4CVyfXxquMM26cNHKA48gBfqS3+pUxkoJ9AhrjPBz17Ul3r58dJFDuLkH9RlawT+ZWiAgnA/uDxF8hNku5wqTptersS3&key=bb47e5958c8f6401efadc724a76eeaac
<?xml version="1.0" encoding="utf-8"?><result info="0" msg=""/>
http://gi.jinpaizhan.com:81/doBusiness.do?params=TMeWzmafz6/X8j+l9UjgJaHHe2YbZtR/WB6UcoZOnU6P1b7EVnvWe1Ks6R8pLQJvUHkf4CVyfXxquMM26cNHKA48gBfqS3+pUxkoJ9AhrjPBz17Ul3r58dJFDuLkH9RlawT+ZWiAgnA/uDxF8hNku5wqTptersS3&key=a71549614a379ed0ecb35a500f68234c
<?xml version="1.0" encoding="utf-8"?><result info="0" msg=""/>
http://gi.jinpaizhan.com:81/doBusiness.do?params=TMeWzmafz6/X8j+l9UjgJaHHe2YbZtR/WB6UcoZOnU6P1b7EVnvWe1Ks6R8pLQJvUHkf4CVyfXxquMM26cNHKA48gBfqS3+pUxkoJ9AhrjPBz17Ul3r58dJFDuLkH9RlawT+ZWiAgnA/uDxF8hNku5wqTptersS3&key=a71549614a379ed0ecb35a500f68234c
<?xml version="1.0" encoding="utf-8"?><result info="0" msg=""/>
http://gi.jinpaizhan.com:81/doBusiness.do?params=TMeWzmafz6/X8j+l9UjgJaHHe2YbZtR/WB6UcoZOnU6P1b7EVnvWe1Ks6R8pLQJvUHkf4CVyfXxquMM26cNHKA48gBfqS3+pUxkoJ9AhrjPBz17Ul3r58dJFDuLkH9RlawT+ZWiAgnA/uDxF8hNku5wqTptersS3&key=a71549614a379ed0ecb35a500f68234c
<?xml version="1.0" encoding="utf-8"?><result info="0" msg=""/>
http://gi.jinpaizhan.com:81/doBusiness.do?params=TMeWzmafz6/X8j+l9UjgJaHHe2YbZtR/WB6UcoZOnU6P1b7EVnvWe1Ks6R8pLQJvUHkf4CVyfXxquMM26cNHKA48gBfqS3+pUxkoJ9AhrjPBz17Ul3r58dJFDuLkH9RlawT+ZWiAgnA/uDxF8hNku5wqTptersS3&key=a71549614a379ed0ecb35a500f68234c
<?xml version="1.0" encoding="utf-8"?><result info="0" msg=""/>
http://gi.jinpaizhan.com:81/doBusiness.do?params=TMeWzmafz6/X8j+l9UjgJaHHe2YbZtR/WB6UcoZOnU6P1b7EVnvWe1Ks6R8pLQJvUHkf4CVyfXxquMM26cNHKA48gBfqS3+pUxkoJ9AhrjPBz17Ul3r58dJFDuLkH9RlawT+ZWiAgnA/uDxF8hNku5wqTptersS3&key=a71549614a379ed0ecb35a500f68234c
<?xml version="1.0" encoding="utf-8"?><result info="0" msg=""/>
http://gi.jinpaizhan.com:81/doBusiness.do?params=TMeWzmafz6/X8j+l9UjgJaHHe2YbZtR/boikWTAnPqfTFpqiGMBjwbDiPZ34CVIBIkzTR8clVCmIosEnmkhY27fN8og0XypY0w2CcUOFI6JeOG46m9Q+/tRh47WPwftm9xmOMZUoDXYqlXTDbsy0D8vZs/qOoBll&key=657c82166b3894e5f2f7ae601f0892e7
<?xml version="1.0" encoding="utf-8"?><result info="0" msg=""/>
http://gi.jinpaizhan.com:81/doBusiness.do?params=TMeWzmafz6/X8j+l9UjgJaHHe2YbZtR/boikWTAnPqfTFpqiGMBjwbDiPZ34CVIBIkzTR8clVCmIosEnmkhY27fN8og0XypY0w2CcUOFI6JeOG46m9Q+/tRh47WPwftm9xmOMZUoDXYqlXTDbsy0D8vZs/qOoBll&key=657c82166b3894e5f2f7ae601f0892e7
<?xml version="1.0" encoding="utf-8"?><result info="0" msg=""/>
http://gi.jinpaizhan.com:81/doBusiness.do?params=TMeWzmafz6/X8j+l9UjgJaHHe2YbZtR/6VAFww5HZRVr88bL1FwwMEiP3p3bi40oWbTo/Y97ld58c48piTqOx1MOYdLB1FG2b1jqOAsGU5zx1NN1nb1G5TO/xA4u/Ht1q+8WIVmtEWDHmNKTiAf9wg==&key=eb96e32a350c5699a3494e0927583511
<?xml version="1.0" encoding="utf-8"?><result info="0" msg=""/>
http://gi.jinpaizhan.com:81/doBusiness.do?params=TMeWzmafz6/X8j+l9UjgJaHHe2YbZtR/6VAFww5HZRVr88bL1FwwMEiP3p3bi40oWbTo/Y97ld58c48piTqOx1MOYdLB1FG2b1jqOAsGU5zx1NN1nb1G5TO/xA4u/Ht1q+8WIVmtEWDHmNKTiAf9wg==&key=eb96e32a350c5699a3494e0927583511
<?xml version="1.0" encoding="utf-8"?><result info="0" msg=""/>
http://gi.jinpaizhan.com:81/doBusiness.do?params=TMeWzmafz6/X8j+l9UjgJaHHe2YbZtR/6VAFww5HZRVr88bL1FwwMEiP3p3bi40oWbTo/Y97ld58c48piTqOx1MOYdLB1FG2b1jqOAsGU5zx1NN1nb1G5TO/xA4u/Ht1q+8WIVmtEWDHmNKTiAf9wg==&key=eb96e32a350c5699a3494e0927583511
<?xml version="1.0" encoding="utf-8"?><result info="0" msg=""/>
http://gi.jinpaizhan.com:81/doBusiness.do?params=TMeWzmafz6/X8j+l9UjgJaHHe2YbZtR/6VAFww5HZRVr88bL1FwwMEiP3p3bi40oWbTo/Y97ld58c48piTqOx1MOYdLB1FG2b1jqOAsGU5zx1NN1nb1G5TO/xA4u/Ht1q+8WIVmtEWDHmNKTiAf9wg==&key=eb96e32a350c5699a3494e0927583511
<?xml version="1.0" encoding="utf-8"?><result info="0" msg=""/>
http://gi.jinpaizhan.com:81/doBusiness.do?params=TMeWzmafz6/X8j+l9UjgJaHHe2YbZtR/6VAFww5HZRVr88bL1FwwMEiP3p3bi40oWbTo/Y97ld58c48piTqOx1MOYdLB1FG2b1jqOAsGU5zx1NN1nb1G5TO/xA4u/Ht1q+8WIVmtEWDHmNKTiAf9wg==&key=eb96e32a350c5699a3494e0927583511
<?xml version="1.0" encoding="utf-8"?><result info="0" msg=""/>
http://gi.jinpaizhan.com:81/doBusiness.do?params=TMeWzmafz6/X8j+l9UjgJaHHe2YbZtR/6VAFww5HZRVr88bL1FwwMEiP3p3bi40oWbTo/Y97ld58c48piTqOx1MOYdLB1FG2b1jqOAsGU5zx1NN1nb1G5TO/xA4u/Ht1q+8WIVmtEWDHmNKTiAf9wg==&key=eb96e32a350c5699a3494e0927583511
<?xml version="1.0" encoding="utf-8"?><result info="0" msg=""/>
http://gi.jinpaizhan.com:81/doBusiness.do?params=TMeWzmafz6/X8j+l9UjgJaHHe2YbZtR/6VAFww5HZRVr88bL1FwwMEiP3p3bi40oWbTo/Y97ld58c48piTqOx1MOYdLB1FG2b1jqOAsGU5zx1NN1nb1G5TO/xA4u/Ht1q+8WIVmtEWDHmNKTiAf9wg==&key=eb96e32a350c5699a3494e0927583511
<?xml version="1.0" encoding="utf-8"?><result info="0" msg=""/>
http://gi.jinpaizhan.com:81/doBusiness.do?params=TMeWzmafz6/X8j+l9UjgJaHHe2YbZtR/6VAFww5HZRVr88bL1FwwMEiP3p3bi40oWbTo/Y97ld58c48piTqOx1MOYdLB1FG2b1jqOAsGU5zx1NN1nb1G5TO/xA4u/Ht1q+8WIVmtEWDHmNKTiAf9wg==&key=eb96e32a350c5699a3494e0927583511
<?xml version="1.0" encoding="utf-8"?><result info="0" msg=""/>
http://gi.jinpaizhan.com:81/doBusiness.do?params=TMeWzmafz6/X8j+l9UjgJaHHe2YbZtR/6VAFww5HZRVr88bL1FwwMEiP3p3bi40oWbTo/Y97ld58c48piTqOx1MOYdLB1FG2b1jqOAsGU5zx1NN1nb1G5TO/xA4u/Ht1q+8WIVmtEWDHmNKTiAf9wg==&key=eb96e32a350c5699a3494e0927583511
<?xml version="1.0" encoding="utf-8"?><result info="0" msg=""/>
http://gi.jinpaizhan.com:81/doBusiness.do?params=TMeWzmafz6/X8j+l9UjgJaHHe2YbZtR/6VAFww5HZRVr88bL1FwwMEiP3p3bi40oWbTo/Y97ld58c48piTqOx1MOYdLB1FG2b1jqOAsGU5zx1NN1nb1G5TO/xA4u/Ht1q+8WIVmtEWDHmNKTiAf9wg==&key=eb96e32a350c5699a3494e0927583511
<?xml version="1.0" encoding="utf-8"?><result info="0" msg=""/>
http://gi.jinpaizhan.com:81/doBusiness.do?params=TMeWzmafz6/X8j+l9UjgJaHHe2YbZtR/6VAFww5HZRVr88bL1FwwMEiP3p3bi40oWbTo/Y97ld58c48piTqOx1MOYdLB1FG2b1jqOAsGU5zx1NN1nb1G5TO/xA4u/Ht1q+8WIVmtEWDHmNKTiAf9wg==&key=eb96e32a350c5699a3494e0927583511
<?xml version="1.0" encoding="utf-8"?><result info="0" msg=""/>
http://gi.jinpaizhan.com:81/doBusiness.do?params=TMeWzmafz6/X8j+l9UjgJaHHe2YbZtR/6VAFww5HZRVr88bL1FwwMEiP3p3bi40oWbTo/Y97ld58c48piTqOx1MOYdLB1FG2b1jqOAsGU5zx1NN1nb1G5TO/xA4u/Ht1q+8WIVmtEWDHmNKTiAf9wg==&key=eb96e32a350c5699a3494e0927583511
<?xml version="1.0" encoding="utf-8"?><result info="0" msg=""/>
http://gi.jinpaizhan.com:81/doBusiness.do?params=TMeWzmafz6/X8j+l9UjgJaHHe2YbZtR/6VAFww5HZRVr88bL1FwwMEiP3p3bi40oWbTo/Y97ld58c48piTqOx1MOYdLB1FG2b1jqOAsGU5zx1NN1nb1G5TO/xA4u/Ht1q+8WIVmtEWDHmNKTiAf9wg==&key=eb96e32a350c5699a3494e0927583511
<?xml version="1.0" encoding="utf-8"?><result info="0" msg=""/>
http://gi.jinpaizhan.com:81/doBusiness.do?params=TMeWzmafz6/X8j+l9UjgJaHHe2YbZtR/6VAFww5HZRVr88bL1FwwMEiP3p3bi40oWbTo/Y97ld58c48piTqOx1MOYdLB1FG2b1jqOAsGU5zx1NN1nb1G5TO/xA4u/Ht1q+8WIVmtEWDHmNKTiAf9wg==&key=eb96e32a350c5699a3494e0927583511
<?xml version="1.0" encoding="utf-8"?><result info="0" msg=""/>
http://gi.jinpaizhan.com:81/doBusiness.do?params=TMeWzmafz6/X8j+l9UjgJaHHe2YbZtR/boikWTAnPqfTFpqiGMBjwbDiPZ34CVIBIkzTR8clVCmIosEnmkhY27fN8og0XypY0w2CcUOFI6JeOG46m9Q+/tRh47WPwftm9xmOMZUoDXYqlXTDbsy0D8vZs/qOoBll&key=657c82166b3894e5f2f7ae601f0892e7
<?xml version="1.0" encoding="utf-8"?><result info="0" msg=""/>
http://gi.jinpaizhan.com:81/doBusiness.do?params=TMeWzmafz6/X8j+l9UjgJaHHe2YbZtR/c+I+c+91JTjgAZP8G3/Sp1Ks6R8pLQJvUHkf4CVyfXxquMM26cNHKA48gBfqS3+pUxkoJ9AhrjPBz17Ul3r58dJFDuLkH9RlawT+ZWiAgnA/uDxF8hNku5wqTptersS3&key=bb47e5958c8f6401efadc724a76eeaac
<?xml version="1.0" encoding="utf-8"?><result info="0" msg=""/>
http://gi.jinpaizhan.com:81/doBusiness.do?params=TMeWzmafz6/X8j+l9UjgJaHHe2YbZtR/WB6UcoZOnU6P1b7EVnvWe1Ks6R8pLQJvUHkf4CVyfXxquMM26cNHKA48gBfqS3+pUxkoJ9AhrjPBz17Ul3r58dJFDuLkH9RlawT+ZWiAgnA/uDxF8hNku5wqTptersS3&key=a71549614a379ed0ecb35a500f68234c
<?xml version="1.0" encoding="utf-8"?><result info="0" msg=""/>
http://gi.jinpaizhan.com:81/doBusiness.do?params=TMeWzmafz6/X8j+l9UjgJaHHe2YbZtR/WB6UcoZOnU6P1b7EVnvWe1Ks6R8pLQJvUHkf4CVyfXxquMM26cNHKA48gBfqS3+pUxkoJ9AhrjPBz17Ul3r58dJFDuLkH9RlawT+ZWiAgnA/uDxF8hNku5wqTptersS3&key=a71549614a379ed0ecb35a500f68234c
<?xml version="1.0" encoding="utf-8"?><result info="0" msg=""/>
http://gi.jinpaizhan.com:81/doBusiness.do?params=TMeWzmafz6/X8j+l9UjgJaHHe2YbZtR/WB6UcoZOnU6P1b7EVnvWe1Ks6R8pLQJvUHkf4CVyfXxquMM26cNHKA48gBfqS3+pUxkoJ9AhrjPBz17Ul3r58dJFDuLkH9RlawT+ZWiAgnA/uDxF8hNku5wqTptersS3&key=a71549614a379ed0ecb35a500f68234c
<?xml version="1.0" encoding="utf-8"?><result info="0" msg=""/>
http://gi.jinpaizhan.com:81/doBusiness.do?params=TMeWzmafz6/X8j+l9UjgJaHHe2YbZtR/c+I+c+91JTjgAZP8G3/Sp1Ks6R8pLQJvUHkf4CVyfXxquMM26cNHKA48gBfqS3+pUxkoJ9AhrjPBz17Ul3r58dJFDuLkH9RlawT+ZWiAgnA/uDxF8hNku5wqTptersS3&key=bb47e5958c8f6401efadc724a76eeaac
<?xml version="1.0" encoding="utf-8"?><result info="0" msg=""/>
http://gi.jinpaizhan.com:81/doBusiness.do?params=TMeWzmafz6/X8j+l9UjgJaHHe2YbZtR/c+I+c+91JTjgAZP8G3/Sp1Ks6R8pLQJvUHkf4CVyfXxquMM26cNHKA48gBfqS3+pUxkoJ9AhrjPBz17Ul3r58dJFDuLkH9RlawT+ZWiAgnA/uDxF8hNku5wqTptersS3&key=bb47e5958c8f6401efadc724a76eeaac
<?xml version="1.0" encoding="utf-8"?><result info="0" msg=""/>
http://gi.jinpaizhan.com:81/doBusiness.do?params=TMeWzmafz6/X8j+l9UjgJaHHe2YbZtR/c+I+c+91JTjgAZP8G3/Sp1Ks6R8pLQJvUHkf4CVyfXxquMM26cNHKA48gBfqS3+pUxkoJ9AhrjPBz17Ul3r58dJFDuLkH9RlawT+ZWiAgnA/uDxF8hNku5wqTptersS3&key=bb47e5958c8f6401efadc724a76eeaac
<?xml version="1.0" encoding="utf-8"?><result info="0" msg=""/>
http://gi.jinpaizhan.com:81/doBusiness.do?params=TMeWzmafz6/X8j+l9UjgJaHHe2YbZtR/c+I+c+91JTjgAZP8G3/Sp1Ks6R8pLQJvUHkf4CVyfXxquMM26cNHKA48gBfqS3+pUxkoJ9AhrjPBz17Ul3r58dJFDuLkH9RlawT+ZWiAgnA/uDxF8hNku5wqTptersS3&key=bb47e5958c8f6401efadc724a76eeaac
<?xml version="1.0" encoding="utf-8"?><result info="0" msg=""/>
http://gi.jinpaizhan.com:81/doBusiness.do?params=TMeWzmafz6/X8j+l9UjgJaHHe2YbZtR/c+I+c+91JTjgAZP8G3/Sp1Ks6R8pLQJvUHkf4CVyfXxquMM26cNHKA48gBfqS3+pUxkoJ9AhrjPBz17Ul3r58dJFDuLkH9RlawT+ZWiAgnA/uDxF8hNku5wqTptersS3&key=bb47e5958c8f6401efadc724a76eeaac
<?xml version="1.0" encoding="utf-8"?><result info="0" msg=""/>
http://gi.jinpaizhan.com:81/doBusiness.do?params=TMeWzmafz6/X8j+l9UjgJaHHe2YbZtR/WB6UcoZOnU6P1b7EVnvWe1Ks6R8pLQJvUHkf4CVyfXxquMM26cNHKA48gBfqS3+pUxkoJ9AhrjPBz17Ul3r58dJFDuLkH9RlawT+ZWiAgnA/uDxF8hNku5wqTptersS3&key=a71549614a379ed0ecb35a500f68234c
<?xml version="1.0" encoding="utf-8"?><result info="0" msg=""/>
http://gi.jinpaizhan.com:81/doBusiness.do?params=TMeWzmafz6/X8j+l9UjgJaHHe2YbZtR/c+I+c+91JTjgAZP8G3/Sp1Ks6R8pLQJvUHkf4CVyfXxquMM26cNHKA48gBfqS3+pUxkoJ9AhrjPBz17Ul3r58dJFDuLkH9RlawT+ZWiAgnA/uDxF8hNku5wqTptersS3&key=bb47e5958c8f6401efadc724a76eeaac
<?xml version="1.0" encoding="utf-8"?><result info="0" msg=""/>
http://gi.jinpaizhan.com:81/doBusiness.do?params=TMeWzmafz6/X8j+l9UjgJaHHe2YbZtR/c+I+c+91JTjgAZP8G3/Sp1Ks6R8pLQJvUHkf4CVyfXxquMM26cNHKA48gBfqS3+pUxkoJ9AhrjPBz17Ul3r58dJFDuLkH9RlawT+ZWiAgnA/uDxF8hNku5wqTptersS3&key=bb47e5958c8f6401efadc724a76eeaac
<?xml version="1.0" encoding="utf-8"?><result info="0" msg=""/>
http://gi.jinpaizhan.com:81/doBusiness.do?params=TMeWzmafz6/X8j+l9UjgJaHHe2YbZtR/c+I+c+91JTjgAZP8G3/Sp1Ks6R8pLQJvUHkf4CVyfXxquMM26cNHKA48gBfqS3+pUxkoJ9AhrjPBz17Ul3r58dJFDuLkH9RlawT+ZWiAgnA/uDxF8hNku5wqTptersS3&key=bb47e5958c8f6401efadc724a76eeaac
<?xml version="1.0" encoding="utf-8"?><result info="0" msg=""/>
http://gi.jinpaizhan.com:81/doBusiness.do?params=TMeWzmafz6/X8j+l9UjgJaHHe2YbZtR/c+I+c+91JTjgAZP8G3/Sp1Ks6R8pLQJvUHkf4CVyfXxquMM26cNHKA48gBfqS3+pUxkoJ9AhrjPBz17Ul3r58dJFDuLkH9RlawT+ZWiAgnA/uDxF8hNku5wqTptersS3&key=bb47e5958c8f6401efadc724a76eeaac
<?xml version="1.0" encoding="utf-8"?><result info="0" msg=""/>
http://gi.jinpaizhan.com:81/doBusiness.do?params=TMeWzmafz6/X8j+l9UjgJaHHe2YbZtR/c+I+c+91JTjgAZP8G3/Sp1Ks6R8pLQJvUHkf4CVyfXxquMM26cNHKA48gBfqS3+pUxkoJ9AhrjPBz17Ul3r58dJFDuLkH9RlawT+ZWiAgnA/uDxF8hNku5wqTptersS3&key=bb47e5958c8f6401efadc724a76eeaac
<?xml version="1.0" encoding="utf-8"?><result info="0" msg=""/>
http://gi.jinpaizhan.com:81/doBusiness.do?params=TMeWzmafz6/X8j+l9UjgJaHHe2YbZtR/dfAeI8Jy95Vr88bL1FwwMEiP3p3bi40oWbTo/Y97ld58c48piTqOx1MOYdLB1FG2b1jqOAsGU5zx1NN1nb1G5TO/xA4u/Ht1q+8WIVmtEWDHmNKTiAf9wg==&key=d2afe84f81e65e1a9afd9e745f3f24dd
<?xml version="1.0" encoding="utf-8"?><result info="0" msg=""/>
http://gi.jinpaizhan.com:81/doBusiness.do?params=TMeWzmafz6/X8j+l9UjgJaHHe2YbZtR/dfAeI8Jy95Vr88bL1FwwMEiP3p3bi40oWbTo/Y97ld58c48piTqOx1MOYdLB1FG2b1jqOAsGU5zx1NN1nb1G5TO/xA4u/Ht1q+8WIVmtEWDHmNKTiAf9wg==&key=d2afe84f81e65e1a9afd9e745f3f24dd
<?xml version="1.0" encoding="utf-8"?><result info="0" msg=""/>
http://gi.jinpaizhan.com:81/doBusiness.do?params=TMeWzmafz6/X8j+l9UjgJaHHe2YbZtR/dfAeI8Jy95Vr88bL1FwwMEiP3p3bi40oWbTo/Y97ld58c48piTqOx1MOYdLB1FG2b1jqOAsGU5zx1NN1nb1G5TO/xA4u/Ht1q+8WIVmtEWDHmNKTiAf9wg==&key=d2afe84f81e65e1a9afd9e745f3f24dd
<?xml version="1.0" encoding="utf-8"?><result info="0" msg=""/>
http://gi.jinpaizhan.com:81/doBusiness.do?params=TMeWzmafz6/X8j+l9UjgJaHHe2YbZtR/dfAeI8Jy95Vr88bL1FwwMEiP3p3bi40oWbTo/Y97ld58c48piTqOx1MOYdLB1FG2b1jqOAsGU5zx1NN1nb1G5TO/xA4u/Ht1q+8WIVmtEWDHmNKTiAf9wg==&key=d2afe84f81e65e1a9afd9e745f3f24dd
<?xml version="1.0" encoding="utf-8"?><result info="0" msg=""/>
http://gi.jinpaizhan.com:81/doBusiness.do?params=TMeWzmafz6/X8j+l9UjgJaHHe2YbZtR/dfAeI8Jy95Vr88bL1FwwMEiP3p3bi40oWbTo/Y97ld58c48piTqOx1MOYdLB1FG2b1jqOAsGU5zx1NN1nb1G5TO/xA4u/Ht1q+8WIVmtEWDHmNKTiAf9wg==&key=d2afe84f81e65e1a9afd9e745f3f24dd
<?xml version="1.0" encoding="utf-8"?><result info="0" msg=""/>
http://gi.jinpaizhan.com:81/doBusiness.do?params=TMeWzmafz6/X8j+l9UjgJaHHe2YbZtR/dfAeI8Jy95Vr88bL1FwwMEiP3p3bi40oWbTo/Y97ld58c48piTqOx1MOYdLB1FG2b1jqOAsGU5zx1NN1nb1G5TO/xA4u/Ht1q+8WIVmtEWDHmNKTiAf9wg==&key=d2afe84f81e65e1a9afd9e745f3f24dd
<?xml version="1.0" encoding="utf-8"?><result info="0" msg=""/>
http://gi.jinpaizhan.com:81/doBusiness.do?params=TMeWzmafz6/X8j+l9UjgJaHHe2YbZtR/6VAFww5HZRVr88bL1FwwMEiP3p3bi40oWbTo/Y97ld58c48piTqOx1MOYdLB1FG2b1jqOAsGU5zx1NN1nb1G5TO/xA4u/Ht1q+8WIVmtEWDHmNKTiAf9wg==&key=eb96e32a350c5699a3494e0927583511
<?xml version="1.0" encoding="utf-8"?><result info="0" msg=""/>
http://gi.jinpaizhan.com:81/doBusiness.do?params=TMeWzmafz6/X8j+l9UjgJaHHe2YbZtR/6VAFww5HZRVr88bL1FwwMEiP3p3bi40oWbTo/Y97ld58c48piTqOx1MOYdLB1FG2b1jqOAsGU5zx1NN1nb1G5TO/xA4u/Ht1q+8WIVmtEWDHmNKTiAf9wg==&key=eb96e32a350c5699a3494e0927583511
<?xml version="1.0" encoding="utf-8"?><result info="0" msg=""/>
http://gi.jinpaizhan.com:81/doBusiness.do?params=TMeWzmafz6/X8j+l9UjgJaHHe2YbZtR/6VAFww5HZRVr88bL1FwwMEiP3p3bi40oWbTo/Y97ld58c48piTqOx1MOYdLB1FG2b1jqOAsGU5zx1NN1nb1G5TO/xA4u/Ht1q+8WIVmtEWDHmNKTiAf9wg==&key=eb96e32a350c5699a3494e0927583511
<?xml version="1.0" encoding="utf-8"?><result info="0" msg=""/>
http://gi.jinpaizhan.com:81/doBusiness.do?params=TMeWzmafz6/X8j+l9UjgJaHHe2YbZtR/6VAFww5HZRVr88bL1FwwMEiP3p3bi40oWbTo/Y97ld58c48piTqOx1MOYdLB1FG2b1jqOAsGU5zx1NN1nb1G5TO/xA4u/Ht1q+8WIVmtEWDHmNKTiAf9wg==&key=eb96e32a350c5699a3494e0927583511
<?xml version="1.0" encoding="utf-8"?><result info="0" msg=""/>
http://gi.jinpaizhan.com:81/doBusiness.do?params=TMeWzmafz6/X8j+l9UjgJaHHe2YbZtR/6VAFww5HZRVr88bL1FwwMEiP3p3bi40oWbTo/Y97ld58c48piTqOx1MOYdLB1FG2b1jqOAsGU5zx1NN1nb1G5TO/xA4u/Ht1q+8WIVmtEWDHmNKTiAf9wg==&key=eb96e32a350c5699a3494e0927583511
<?xml version="1.0" encoding="utf-8"?><result info="0" msg=""/>
http://gi.jinpaizhan.com:81/doBusiness.do?params=TMeWzmafz6/X8j+l9UjgJaHHe2YbZtR/c+I+c+91JTjgAZP8G3/Sp1Ks6R8pLQJvUHkf4CVyfXxquMM26cNHKA48gBfqS3+pUxkoJ9AhrjPBz17Ul3r58dJFDuLkH9RlawT+ZWiAgnA/uDxF8hNku5wqTptersS3&key=bb47e5958c8f6401efadc724a76eeaac
<?xml version="1.0" encoding="utf-8"?><result info="0" msg=""/>
http://gi.jinpaizhan.com:81/doBusiness.do?params=TMeWzmafz6/X8j+l9UjgJaHHe2YbZtR/c+I+c+91JTjgAZP8G3/Sp1Ks6R8pLQJvUHkf4CVyfXxquMM26cNHKA48gBfqS3+pUxkoJ9AhrjPBz17Ul3r58dJFDuLkH9RlawT+ZWiAgnA/uDxF8hNku5wqTptersS3&key=bb47e5958c8f6401efadc724a76eeaac
<?xml version="1.0" encoding="utf-8"?><result info="0" msg=""/>
http://gi.jinpaizhan.com:81/doBusiness.do?params=TMeWzmafz6/X8j+l9UjgJaHHe2YbZtR/c+I+c+91JTjgAZP8G3/Sp1Ks6R8pLQJvUHkf4CVyfXxquMM26cNHKA48gBfqS3+pUxkoJ9AhrjPBz17Ul3r58dJFDuLkH9RlawT+ZWiAgnA/uDxF8hNku5wqTptersS3&key=bb47e5958c8f6401efadc724a76eeaac
<?xml version="1.0" encoding="utf-8"?><result info="0" msg=""/>
http://gi.jinpaizhan.com:81/doBusiness.do?params=TMeWzmafz6/X8j+l9UjgJaHHe2YbZtR/c+I+c+91JTjgAZP8G3/Sp1Ks6R8pLQJvUHkf4CVyfXxquMM26cNHKA48gBfqS3+pUxkoJ9AhrjPBz17Ul3r58dJFDuLkH9RlawT+ZWiAgnA/uDxF8hNku5wqTptersS3&key=bb47e5958c8f6401efadc724a76eeaac
<?xml version="1.0" encoding="utf-8"?><result info="0" msg=""/>
http://gi.jinpaizhan.com:81/doBusiness.do?params=TMeWzmafz6/X8j+l9UjgJaHHe2YbZtR/c+I+c+91JTjgAZP8G3/Sp1Ks6R8pLQJvUHkf4CVyfXxquMM26cNHKA48gBfqS3+pUxkoJ9AhrjPBz17Ul3r58dJFDuLkH9RlawT+ZWiAgnA/uDxF8hNku5wqTptersS3&key=bb47e5958c8f6401efadc724a76eeaac
<?xml version="1.0" encoding="utf-8"?><result info="0" msg=""/>
http://gi.jinpaizhan.com:81/doBusiness.do?params=TMeWzmafz6/X8j+l9UjgJaHHe2YbZtR/6VAFww5HZRVr88bL1FwwMEiP3p3bi40oWbTo/Y97ld58c48piTqOx1MOYdLB1FG2b1jqOAsGU5zx1NN1nb1G5TO/xA4u/Ht1q+8WIVmtEWDHmNKTiAf9wg==&key=eb96e32a350c5699a3494e0927583511
<?xml version="1.0" encoding="utf-8"?><result info="0" msg=""/>
http://gi.jinpaizhan.com:81/doBusiness.do?params=TMeWzmafz6/X8j+l9UjgJaHHe2YbZtR/6VAFww5HZRVr88bL1FwwMEiP3p3bi40oWbTo/Y97ld58c48piTqOx1MOYdLB1FG2b1jqOAsGU5zx1NN1nb1G5TO/xA4u/Ht1q+8WIVmtEWDHmNKTiAf9wg==&key=eb96e32a350c5699a3494e0927583511
<?xml version="1.0" encoding="utf-8"?><result info="0" msg=""/>
http://gi.jinpaizhan.com:81/doBusiness.do?params=TMeWzmafz6/X8j+l9UjgJaHHe2YbZtR/6VAFww5HZRVr88bL1FwwMEiP3p3bi40oWbTo/Y97ld58c48piTqOx1MOYdLB1FG2b1jqOAsGU5zx1NN1nb1G5TO/xA4u/Ht1q+8WIVmtEWDHmNKTiAf9wg==&key=eb96e32a350c5699a3494e0927583511
<?xml version="1.0" encoding="utf-8"?><result info="0" msg=""/>
http://gi.jinpaizhan.com:81/doBusiness.do?params=TMeWzmafz6/X8j+l9UjgJaHHe2YbZtR/6VAFww5HZRVr88bL1FwwMEiP3p3bi40oWbTo/Y97ld58c48piTqOx1MOYdLB1FG2b1jqOAsGU5zx1NN1nb1G5TO/xA4u/Ht1q+8WIVmtEWDHmNKTiAf9wg==&key=eb96e32a350c5699a3494e0927583511
<?xml version="1.0" encoding="utf-8"?><result info="0" msg=""/>
http://gi.jinpaizhan.com:81/doBusiness.do?params=TMeWzmafz6/X8j+l9UjgJaHHe2YbZtR/6VAFww5HZRVr88bL1FwwMEiP3p3bi40oWbTo/Y97ld58c48piTqOx1MOYdLB1FG2b1jqOAsGU5zx1NN1nb1G5TO/xA4u/Ht1q+8WIVmtEWDHmNKTiAf9wg==&key=eb96e32a350c5699a3494e0927583511
<?xml version="1.0" encoding="utf-8"?><result info="0" msg=""/>
http://gi.jinpaizhan.com:81/doBusiness.do?params=TMeWzmafz6/X8j+l9UjgJaHHe2YbZtR/c+I+c+91JTjgAZP8G3/Sp1Ks6R8pLQJvUHkf4CVyfXxquMM26cNHKA48gBfqS3+pUxkoJ9AhrjPBz17Ul3r58dJFDuLkH9RlawT+ZWiAgnA/uDxF8hNku5wqTptersS3&key=bb47e5958c8f6401efadc724a76eeaac
<?xml version="1.0" encoding="utf-8"?><result info="0" msg=""/>
http://gi.jinpaizhan.com:81/doBusiness.do?params=TMeWzmafz6/X8j+l9UjgJaHHe2YbZtR/c+I+c+91JTjgAZP8G3/Sp1Ks6R8pLQJvUHkf4CVyfXxquMM26cNHKA48gBfqS3+pUxkoJ9AhrjPBz17Ul3r58dJFDuLkH9RlawT+ZWiAgnA/uDxF8hNku5wqTptersS3&key=bb47e5958c8f6401efadc724a76eeaac
<?xml version="1.0" encoding="utf-8"?><result info="0" msg=""/>
http://gi.jinpaizhan.com:81/doBusiness.do?params=TMeWzmafz6/X8j+l9UjgJaHHe2YbZtR/c+I+c+91JTjgAZP8G3/Sp1Ks6R8pLQJvUHkf4CVyfXxquMM26cNHKA48gBfqS3+pUxkoJ9AhrjPBz17Ul3r58dJFDuLkH9RlawT+ZWiAgnA/uDxF8hNku5wqTptersS3&key=bb47e5958c8f6401efadc724a76eeaac
<?xml version="1.0" encoding="utf-8"?><result info="0" msg=""/>
http://gi.jinpaizhan.com:81/doBusiness.do?params=TMeWzmafz6/X8j+l9UjgJaHHe2YbZtR/c+I+c+91JTjgAZP8G3/Sp1Ks6R8pLQJvUHkf4CVyfXxquMM26cNHKA48gBfqS3+pUxkoJ9AhrjPBz17Ul3r58dJFDuLkH9RlawT+ZWiAgnA/uDxF8hNku5wqTptersS3&key=bb47e5958c8f6401efadc724a76eeaac
<?xml version="1.0" encoding="utf-8"?><result info="0" msg=""/>
http://gi.jinpaizhan.com:81/doBusiness.do?params=TMeWzmafz6/X8j+l9UjgJaHHe2YbZtR/c+I+c+91JTjgAZP8G3/Sp1Ks6R8pLQJvUHkf4CVyfXxquMM26cNHKA48gBfqS3+pUxkoJ9AhrjPBz17Ul3r58dJFDuLkH9RlawT+ZWiAgnA/uDxF8hNku5wqTptersS3&key=bb47e5958c8f6401efadc724a76eeaac
<?xml version="1.0" encoding="utf-8"?><result info="0" msg=""/>
http://gi.jinpaizhan.com:81/doBusiness.do?params=TMeWzmafz6/X8j+l9UjgJaHHe2YbZtR/c+I+c+91JTjgAZP8G3/Sp1Ks6R8pLQJvUHkf4CVyfXxquMM26cNHKA48gBfqS3+pUxkoJ9AhrjPBz17Ul3r58dJFDuLkH9RlawT+ZWiAgnA/uDxF8hNku5wqTptersS3&key=bb47e5958c8f6401efadc724a76eeaac
<?xml version="1.0" encoding="utf-8"?><result info="0" msg=""/>
http://gi.jinpaizhan.com:81/doBusiness.do?params=TMeWzmafz6/X8j+l9UjgJaHHe2YbZtR/c+I+c+91JTjgAZP8G3/Sp1Ks6R8pLQJvUHkf4CVyfXxquMM26cNHKA48gBfqS3+pUxkoJ9AhrjPBz17Ul3r58dJFDuLkH9RlawT+ZWiAgnA/uDxF8hNku5wqTptersS3&key=bb47e5958c8f6401efadc724a76eeaac
<?xml version="1.0" encoding="utf-8"?><result info="0" msg=""/>
http://gi.jinpaizhan.com:81/doBusiness.do?params=TMeWzmafz6/X8j+l9UjgJaHHe2YbZtR/c+I+c+91JTjgAZP8G3/Sp1Ks6R8pLQJvUHkf4CVyfXxquMM26cNHKA48gBfqS3+pUxkoJ9AhrjPBz17Ul3r58dJFDuLkH9RlawT+ZWiAgnA/uDxF8hNku5wqTptersS3&key=bb47e5958c8f6401efadc724a76eeaac
<?xml version="1.0" encoding="utf-8"?><result info="0" msg=""/>
http://gi.jinpaizhan.com:81/doBusiness.do?params=TMeWzmafz6/X8j+l9UjgJaHHe2YbZtR/c+I+c+91JTjgAZP8G3/Sp1Ks6R8pLQJvUHkf4CVyfXxquMM26cNHKA48gBfqS3+pUxkoJ9AhrjPBz17Ul3r58dJFDuLkH9RlawT+ZWiAgnA/uDxF8hNku5wqTptersS3&key=bb47e5958c8f6401efadc724a76eeaac
<?xml version="1.0" encoding="utf-8"?><result info="0" msg=""/>
http://gi.jinpaizhan.com:81/doBusiness.do?params=TMeWzmafz6/X8j+l9UjgJaHHe2YbZtR/c+I+c+91JTjgAZP8G3/Sp1Ks6R8pLQJvUHkf4CVyfXxquMM26cNHKA48gBfqS3+pUxkoJ9AhrjPBz17Ul3r58dJFDuLkH9RlawT+ZWiAgnA/uDxF8hNku5wqTptersS3&key=bb47e5958c8f6401efadc724a76eeaac
<?xml version="1.0" encoding="utf-8"?><result info="0" msg=""/>
http://gi.jinpaizhan.com:81/doBusiness.do?params=TMeWzmafz6/X8j+l9UjgJaHHe2YbZtR/c+I+c+91JTjgAZP8G3/Sp1Ks6R8pLQJvUHkf4CVyfXxquMM26cNHKA48gBfqS3+pUxkoJ9AhrjPBz17Ul3r58dJFDuLkH9RlawT+ZWiAgnA/uDxF8hNku5wqTptersS3&key=bb47e5958c8f6401efadc724a76eeaac
<?xml version="1.0" encoding="utf-8"?><result info="0" msg=""/>
http://gi.jinpaizhan.com:81/doBusiness.do?params=TMeWzmafz6/X8j+l9UjgJaHHe2YbZtR/WB6UcoZOnU6P1b7EVnvWe1Ks6R8pLQJvUHkf4CVyfXxquMM26cNHKA48gBfqS3+pUxkoJ9AhrjPBz17Ul3r58dJFDuLkH9RlawT+ZWiAgnA/uDxF8hNku5wqTptersS3&key=a71549614a379ed0ecb35a500f68234c
<?xml version="1.0" encoding="utf-8"?><result info="0" msg=""/>
http://gi.jinpaizhan.com:81/doBusiness.do?params=TMeWzmafz6/X8j+l9UjgJaHHe2YbZtR/WB6UcoZOnU6P1b7EVnvWe1Ks6R8pLQJvUHkf4CVyfXxquMM26cNHKA48gBfqS3+pUxkoJ9AhrjPBz17Ul3r58dJFDuLkH9RlawT+ZWiAgnA/uDxF8hNku5wqTptersS3&key=a71549614a379ed0ecb35a500f68234c
<?xml version="1.0" encoding="utf-8"?><result info="0" msg=""/>
http://gi.jinpaizhan.com:81/doBusiness.do?params=TMeWzmafz6/X8j+l9UjgJaHHe2YbZtR/WB6UcoZOnU6P1b7EVnvWe1Ks6R8pLQJvUHkf4CVyfXxquMM26cNHKA48gBfqS3+pUxkoJ9AhrjPBz17Ul3r58dJFDuLkH9RlawT+ZWiAgnA/uDxF8hNku5wqTptersS3&key=a71549614a379ed0ecb35a500f68234c
<?xml version="1.0" encoding="utf-8"?><result info="0" msg=""/>
http://gi.jinpaizhan.com:81/doBusiness.do?params=TMeWzmafz6/X8j+l9UjgJaHHe2YbZtR/WB6UcoZOnU6P1b7EVnvWe1Ks6R8pLQJvUHkf4CVyfXxquMM26cNHKA48gBfqS3+pUxkoJ9AhrjPBz17Ul3r58dJFDuLkH9RlawT+ZWiAgnA/uDxF8hNku5wqTptersS3&key=a71549614a379ed0ecb35a500f68234c
<?xml version="1.0" encoding="utf-8"?><result info="0" msg=""/>
http://gi.jinpaizhan.com:81/doBusiness.do?params=TMeWzmafz6/X8j+l9UjgJaHHe2YbZtR/WB6UcoZOnU6P1b7EVnvWe1Ks6R8pLQJvUHkf4CVyfXxquMM26cNHKA48gBfqS3+pUxkoJ9AhrjPBz17Ul3r58dJFDuLkH9RlawT+ZWiAgnA/uDxF8hNku5wqTptersS3&key=a71549614a379ed0ecb35a500f68234c
<?xml version="1.0" encoding="utf-8"?><result info="0" msg=""/>
http://gi.jinpaizhan.com:81/doBusiness.do?params=TMeWzmafz6/X8j+l9UjgJaHHe2YbZtR/WB6UcoZOnU6P1b7EVnvWe1Ks6R8pLQJvUHkf4CVyfXxquMM26cNHKA48gBfqS3+pUxkoJ9AhrjPBz17Ul3r58dJFDuLkH9RlawT+ZWiAgnA/uDxF8hNku5wqTptersS3&key=a71549614a379ed0ecb35a500f68234c
<?xml version="1.0" encoding="utf-8"?><result info="0" msg=""/>
http://gi.jinpaizhan.com:81/doBusiness.do?params=TMeWzmafz6/X8j+l9UjgJaHHe2YbZtR/WB6UcoZOnU6P1b7EVnvWe1Ks6R8pLQJvUHkf4CVyfXxquMM26cNHKA48gBfqS3+pUxkoJ9AhrjPBz17Ul3r58dJFDuLkH9RlawT+ZWiAgnA/uDxF8hNku5wqTptersS3&key=a71549614a379ed0ecb35a500f68234c
<?xml version="1.0" encoding="utf-8"?><result info="0" msg=""/>
http://gi.jinpaizhan.com:81/doBusiness.do?params=TMeWzmafz6/X8j+l9UjgJaHHe2YbZtR/WB6UcoZOnU6P1b7EVnvWe1Ks6R8pLQJvUHkf4CVyfXxquMM26cNHKA48gBfqS3+pUxkoJ9AhrjPBz17Ul3r58dJFDuLkH9RlawT+ZWiAgnA/uDxF8hNku5wqTptersS3&key=a71549614a379ed0ecb35a500f68234c
<?xml version="1.0" encoding="utf-8"?><result info="0" msg=""/>
http://gi.jinpaizhan.com:81/doBusiness.do?params=TMeWzmafz6/X8j+l9UjgJaHHe2YbZtR/WB6UcoZOnU6P1b7EVnvWe1Ks6R8pLQJvUHkf4CVyfXxquMM26cNHKA48gBfqS3+pUxkoJ9AhrjPBz17Ul3r58dJFDuLkH9RlawT+ZWiAgnA/uDxF8hNku5wqTptersS3&key=a71549614a379ed0ecb35a500f68234c
<?xml version="1.0" encoding="utf-8"?><result info="0" msg=""/>
http://gi.jinpaizhan.com:81/doBusiness.do?params=TMeWzmafz6/X8j+l9UjgJaHHe2YbZtR/c+I+c+91JTjgAZP8G3/Sp1Ks6R8pLQJvUHkf4CVyfXxquMM26cNHKA48gBfqS3+pUxkoJ9AhrjPBz17Ul3r58dJFDuLkH9RlawT+ZWiAgnA/uDxF8hNku5wqTptersS3&key=bb47e5958c8f6401efadc724a76eeaac
<?xml version="1.0" encoding="utf-8"?><result info="0" msg=""/>
http://gi.jinpaizhan.com:81/doBusiness.do?params=TMeWzmafz6/X8j+l9UjgJaHHe2YbZtR/c+I+c+91JTjgAZP8G3/Sp1Ks6R8pLQJvUHkf4CVyfXxquMM26cNHKA48gBfqS3+pUxkoJ9AhrjPBz17Ul3r58dJFDuLkH9RlawT+ZWiAgnA/uDxF8hNku5wqTptersS3&key=bb47e5958c8f6401efadc724a76eeaac
<?xml version="1.0" encoding="utf-8"?><result info="0" msg=""/>
http://gi.jinpaizhan.com:81/doBusiness.do?params=TMeWzmafz6/X8j+l9UjgJaHHe2YbZtR/WB6UcoZOnU6P1b7EVnvWe1Ks6R8pLQJvUHkf4CVyfXxquMM26cNHKA48gBfqS3+pUxkoJ9AhrjPBz17Ul3r58dJFDuLkH9RlawT+ZWiAgnA/uDxF8hNku5wqTptersS3&key=a71549614a379ed0ecb35a500f68234c
<?xml version="1.0" encoding="utf-8"?><result info="0" msg=""/>
http://gi.jinpaizhan.com:81/doBusiness.do?params=TMeWzmafz6/X8j+l9UjgJaHHe2YbZtR/WB6UcoZOnU6P1b7EVnvWe1Ks6R8pLQJvUHkf4CVyfXxquMM26cNHKA48gBfqS3+pUxkoJ9AhrjPBz17Ul3r58dJFDuLkH9RlawT+ZWiAgnA/uDxF8hNku5wqTptersS3&key=a71549614a379ed0ecb35a500f68234c
<?xml version="1.0" encoding="utf-8"?><result info="0" msg=""/>
http://gi.jinpaizhan.com:81/doBusiness.do?params=TMeWzmafz6/X8j+l9UjgJaHHe2YbZtR/WB6UcoZOnU6P1b7EVnvWe1Ks6R8pLQJvUHkf4CVyfXxquMM26cNHKA48gBfqS3+pUxkoJ9AhrjPBz17Ul3r58dJFDuLkH9RlawT+ZWiAgnA/uDxF8hNku5wqTptersS3&key=a71549614a379ed0ecb35a500f68234c
<?xml version="1.0" encoding="utf-8"?><result info="0" msg=""/>
http://gi.jinpaizhan.com:81/doBusiness.do?params=TMeWzmafz6/X8j+l9UjgJaHHe2YbZtR/WB6UcoZOnU6P1b7EVnvWe1Ks6R8pLQJvUHkf4CVyfXxquMM26cNHKA48gBfqS3+pUxkoJ9AhrjPBz17Ul3r58dJFDuLkH9RlawT+ZWiAgnA/uDxF8hNku5wqTptersS3&key=a71549614a379ed0ecb35a500f68234c
<?xml version="1.0" encoding="utf-8"?><result info="0" msg=""/>
http://gi.jinpaizhan.com:81/doBusiness.do?params=TMeWzmafz6/X8j+l9UjgJaHHe2YbZtR/WB6UcoZOnU6P1b7EVnvWe1Ks6R8pLQJvUHkf4CVyfXxquMM26cNHKA48gBfqS3+pUxkoJ9AhrjPBz17Ul3r58dJFDuLkH9RlawT+ZWiAgnA/uDxF8hNku5wqTptersS3&key=a71549614a379ed0ecb35a500f68234c
<?xml version="1.0" encoding="utf-8"?><result info="0" msg=""/>
http://gi.jinpaizhan.com:81/doBusiness.do?params=TMeWzmafz6/X8j+l9UjgJaHHe2YbZtR/WB6UcoZOnU6P1b7EVnvWe1Ks6R8pLQJvUHkf4CVyfXxquMM26cNHKA48gBfqS3+pUxkoJ9AhrjPBz17Ul3r58dJFDuLkH9RlawT+ZWiAgnA/uDxF8hNku5wqTptersS3&key=a71549614a379ed0ecb35a500f68234c
<?xml version="1.0" encoding="utf-8"?><result info="0" msg=""/>
http://gi.jinpaizhan.com:81/doBusiness.do?params=TMeWzmafz6/X8j+l9UjgJaHHe2YbZtR/WB6UcoZOnU6P1b7EVnvWe1Ks6R8pLQJvUHkf4CVyfXxquMM26cNHKA48gBfqS3+pUxkoJ9AhrjPBz17Ul3r58dJFDuLkH9RlawT+ZWiAgnA/uDxF8hNku5wqTptersS3&key=a71549614a379ed0ecb35a500f68234c
<?xml version="1.0" encoding="utf-8"?><result info="0" msg=""/>
http://gi.jinpaizhan.com:81/doBusiness.do?params=TMeWzmafz6/X8j+l9UjgJaHHe2YbZtR/WB6UcoZOnU6P1b7EVnvWe1Ks6R8pLQJvUHkf4CVyfXxquMM26cNHKA48gBfqS3+pUxkoJ9AhrjPBz17Ul3r58dJFDuLkH9RlawT+ZWiAgnA/uDxF8hNku5wqTptersS3&key=a71549614a379ed0ecb35a500f68234c
<?xml version="1.0" encoding="utf-8"?><result info="0" msg=""/>
http://gi.jinpaizhan.com:81/doBusiness.do?params=TMeWzmafz6/X8j+l9UjgJaHHe2YbZtR/WB6UcoZOnU6P1b7EVnvWe1Ks6R8pLQJvUHkf4CVyfXxquMM26cNHKA48gBfqS3+pUxkoJ9AhrjPBz17Ul3r58dJFDuLkH9RlawT+ZWiAgnA/uDxF8hNku5wqTptersS3&key=a71549614a379ed0ecb35a500f68234c
<?xml version="1.0" encoding="utf-8"?><result info="0" msg=""/>
http://gi.jinpaizhan.com:81/doBusiness.do?params=TMeWzmafz6/X8j+l9UjgJaHHe2YbZtR/WB6UcoZOnU6P1b7EVnvWe1Ks6R8pLQJvUHkf4CVyfXxquMM26cNHKA48gBfqS3+pUxkoJ9AhrjPBz17Ul3r58dJFDuLkH9RlawT+ZWiAgnA/uDxF8hNku5wqTptersS3&key=a71549614a379ed0ecb35a500f68234c
<?xml version="1.0" encoding="utf-8"?><result info="0" msg=""/>
http://gi.jinpaizhan.com:81/doBusiness.do?params=TMeWzmafz6/X8j+l9UjgJaHHe2YbZtR/WB6UcoZOnU6P1b7EVnvWe1Ks6R8pLQJvUHkf4CVyfXxquMM26cNHKA48gBfqS3+pUxkoJ9AhrjPBz17Ul3r58dJFDuLkH9RlawT+ZWiAgnA/uDxF8hNku5wqTptersS3&key=a71549614a379ed0ecb35a500f68234c
<?xml version="1.0" encoding="utf-8"?><result info="0" msg=""/>
http://gi.jinpaizhan.com:81/doBusiness.do?params=TMeWzmafz6/X8j+l9UjgJaHHe2YbZtR/WB6UcoZOnU6P1b7EVnvWe1Ks6R8pLQJvUHkf4CVyfXxquMM26cNHKA48gBfqS3+pUxkoJ9AhrjPBz17Ul3r58dJFDuLkH9RlawT+ZWiAgnA/uDxF8hNku5wqTptersS3&key=a71549614a379ed0ecb35a500f68234c
<?xml version="1.0" encoding="utf-8"?><result info="0" msg=""/>
http://gi.jinpaizhan.com:81/doBusiness.do?params=TMeWzmafz6/X8j+l9UjgJaHHe2YbZtR/WB6UcoZOnU6P1b7EVnvWe1Ks6R8pLQJvUHkf4CVyfXxquMM26cNHKA48gBfqS3+pUxkoJ9AhrjPBz17Ul3r58dJFDuLkH9RlawT+ZWiAgnA/uDxF8hNku5wqTptersS3&key=a71549614a379ed0ecb35a500f68234c
<?xml version="1.0" encoding="utf-8"?><result info="0" msg=""/>
http://gi.jinpaizhan.com:81/doBusiness.do?params=TMeWzmafz6/X8j+l9UjgJaHHe2YbZtR/WB6UcoZOnU6P1b7EVnvWe1Ks6R8pLQJvUHkf4CVyfXxquMM26cNHKA48gBfqS3+pUxkoJ9AhrjPBz17Ul3r58dJFDuLkH9RlawT+ZWiAgnA/uDxF8hNku5wqTptersS3&key=a71549614a379ed0ecb35a500f68234c
<?xml version="1.0" encoding="utf-8"?><result info="0" msg=""/>
http://gi.jinpaizhan.com:81/doBusiness.do?params=TMeWzmafz6/X8j+l9UjgJaHHe2YbZtR/WB6UcoZOnU6P1b7EVnvWe1Ks6R8pLQJvUHkf4CVyfXxquMM26cNHKA48gBfqS3+pUxkoJ9AhrjPBz17Ul3r58dJFDuLkH9RlawT+ZWiAgnA/uDxF8hNku5wqTptersS3&key=a71549614a379ed0ecb35a500f68234c
<?xml version="1.0" encoding="utf-8"?><result info="0" msg=""/>
http://gi.jinpaizhan.com:81/doBusiness.do?params=TMeWzmafz6/X8j+l9UjgJaHHe2YbZtR/WB6UcoZOnU6P1b7EVnvWe1Ks6R8pLQJvUHkf4CVyfXxquMM26cNHKA48gBfqS3+pUxkoJ9AhrjPBz17Ul3r58dJFDuLkH9RlawT+ZWiAgnA/uDxF8hNku5wqTptersS3&key=a71549614a379ed0ecb35a500f68234c
<?xml version="1.0" encoding="utf-8"?><result info="0" msg=""/>
http://gi.jinpaizhan.com:81/doBusiness.do?params=TMeWzmafz6/X8j+l9UjgJaHHe2YbZtR/c+I+c+91JTjgAZP8G3/Sp1Ks6R8pLQJvUHkf4CVyfXxquMM26cNHKA48gBfqS3+pUxkoJ9AhrjPBz17Ul3r58dJFDuLkH9RlawT+ZWiAgnA/uDxF8hNku5wqTptersS3&key=bb47e5958c8f6401efadc724a76eeaac
<?xml version="1.0" encoding="utf-8"?><result info="0" msg=""/>
http://gi.jinpaizhan.com:81/doBusiness.do?params=TMeWzmafz6/X8j+l9UjgJaHHe2YbZtR/c+I+c+91JTjgAZP8G3/Sp1Ks6R8pLQJvUHkf4CVyfXxquMM26cNHKA48gBfqS3+pUxkoJ9AhrjPBz17Ul3r58dJFDuLkH9RlawT+ZWiAgnA/uDxF8hNku5wqTptersS3&key=bb47e5958c8f6401efadc724a76eeaac
<?xml version="1.0" encoding="utf-8"?><result info="0" msg=""/>
http://gi.jinpaizhan.com:81/doBusiness.do?params=TMeWzmafz6/X8j+l9UjgJaHHe2YbZtR/WB6UcoZOnU6P1b7EVnvWe1Ks6R8pLQJvUHkf4CVyfXxquMM26cNHKA48gBfqS3+pUxkoJ9AhrjPBz17Ul3r58dJFDuLkH9RlawT+ZWiAgnA/uDxF8hNku5wqTptersS3&key=a71549614a379ed0ecb35a500f68234c
<?xml version="1.0" encoding="utf-8"?><result info="0" msg=""/>
http://gi.jinpaizhan.com:81/doBusiness.do?params=TMeWzmafz6/X8j+l9UjgJaHHe2YbZtR/WB6UcoZOnU6P1b7EVnvWe1Ks6R8pLQJvUHkf4CVyfXxquMM26cNHKA48gBfqS3+pUxkoJ9AhrjPBz17Ul3r58dJFDuLkH9RlawT+ZWiAgnA/uDxF8hNku5wqTptersS3&key=a71549614a379ed0ecb35a500f68234c
<?xml version="1.0" encoding="utf-8"?><result info="0" msg=""/>
http://gi.jinpaizhan.com:81/doBusiness.do?params=TMeWzmafz6/X8j+l9UjgJaHHe2YbZtR/WB6UcoZOnU6P1b7EVnvWe1Ks6R8pLQJvUHkf4CVyfXxquMM26cNHKA48gBfqS3+pUxkoJ9AhrjPBz17Ul3r58dJFDuLkH9RlawT+ZWiAgnA/uDxF8hNku5wqTptersS3&key=a71549614a379ed0ecb35a500f68234c
<?xml version="1.0" encoding="utf-8"?><result info="0" msg=""/>
http://gi.jinpaizhan.com:81/doBusiness.do?params=TMeWzmafz6/X8j+l9UjgJaHHe2YbZtR/WB6UcoZOnU6P1b7EVnvWe1Ks6R8pLQJvUHkf4CVyfXxquMM26cNHKA48gBfqS3+pUxkoJ9AhrjPBz17Ul3r58dJFDuLkH9RlawT+ZWiAgnA/uDxF8hNku5wqTptersS3&key=a71549614a379ed0ecb35a500f68234c
<?xml version="1.0" encoding="utf-8"?><result info="0" msg=""/>
http://gi.jinpaizhan.com:81/doBusiness.do?params=TMeWzmafz6/X8j+l9UjgJaHHe2YbZtR/c+I+c+91JTjgAZP8G3/Sp1Ks6R8pLQJvUHkf4CVyfXxquMM26cNHKA48gBfqS3+pUxkoJ9AhrjPBz17Ul3r58dJFDuLkH9RlawT+ZWiAgnA/uDxF8hNku5wqTptersS3&key=bb47e5958c8f6401efadc724a76eeaac
<?xml version="1.0" encoding="utf-8"?><result info="0" msg=""/>
http://gi.jinpaizhan.com:81/doBusiness.do?params=TMeWzmafz6/X8j+l9UjgJaHHe2YbZtR/6VAFww5HZRVr88bL1FwwMEiP3p3bi40oWbTo/Y97ld58c48piTqOx1MOYdLB1FG2b1jqOAsGU5zx1NN1nb1G5TO/xA4u/Ht1q+8WIVmtEWDHmNKTiAf9wg==&key=eb96e32a350c5699a3494e0927583511
<?xml version="1.0" encoding="utf-8"?><result info="0" msg=""/>
http://gi.jinpaizhan.com:81/doBusiness.do?params=TMeWzmafz6/X8j+l9UjgJaHHe2YbZtR/6VAFww5HZRVr88bL1FwwMEiP3p3bi40oWbTo/Y97ld58c48piTqOx1MOYdLB1FG2b1jqOAsGU5zx1NN1nb1G5TO/xA4u/Ht1q+8WIVmtEWDHmNKTiAf9wg==&key=eb96e32a350c5699a3494e0927583511
<?xml version="1.0" encoding="utf-8"?><result info="0" msg=""/>
http://gi.jinpaizhan.com:81/doBusiness.do?params=TMeWzmafz6/X8j+l9UjgJaHHe2YbZtR/6VAFww5HZRVr88bL1FwwMEiP3p3bi40oWbTo/Y97ld58c48piTqOx1MOYdLB1FG2b1jqOAsGU5zx1NN1nb1G5TO/xA4u/Ht1q+8WIVmtEWDHmNKTiAf9wg==&key=eb96e32a350c5699a3494e0927583511
<?xml version="1.0" encoding="utf-8"?><result info="0" msg=""/>
http://gi.jinpaizhan.com:81/doBusiness.do?params=TMeWzmafz6/X8j+l9UjgJaHHe2YbZtR/6VAFww5HZRVr88bL1FwwMEiP3p3bi40oWbTo/Y97ld58c48piTqOx1MOYdLB1FG2b1jqOAsGU5zx1NN1nb1G5TO/xA4u/Ht1q+8WIVmtEWDHmNKTiAf9wg==&key=eb96e32a350c5699a3494e0927583511
<?xml version="1.0" encoding="utf-8"?><result info="0" msg=""/>
http://gi.jinpaizhan.com:81/doBusiness.do?params=TMeWzmafz6/X8j+l9UjgJaHHe2YbZtR/ScM/AUyr5Ct/b4rXVl+HUVKs6R8pLQJvUHkf4CVyfXxquMM26cNHKA48gBfqS3+pUxkoJ9AhrjPBz17Ul3r58dJFDuLkH9RlawT+ZWiAgnA/uDxF8hNku5wqTptersS3&key=65eff63f9da6545c6b3cd35820b6eb0a
<?xml version="1.0" encoding="utf-8"?><result info="0" msg=""/>
http://gi.jinpaizhan.com:81/doBusiness.do?params=TMeWzmafz6/X8j+l9UjgJaHHe2YbZtR/ScM/AUyr5Ct/b4rXVl+HUVKs6R8pLQJvUHkf4CVyfXxquMM26cNHKA48gBfqS3+pUxkoJ9AhrjPBz17Ul3r58dJFDuLkH9RlawT+ZWiAgnA/uDxF8hNku5wqTptersS3&key=65eff63f9da6545c6b3cd35820b6eb0a
<?xml version="1.0" encoding="utf-8"?><result info="0" msg=""/>
http://gi.jinpaizhan.com:81/doBusiness.do?params=TMeWzmafz6/X8j+l9UjgJaHHe2YbZtR/ScM/AUyr5Ct/b4rXVl+HUVKs6R8pLQJvUHkf4CVyfXxquMM26cNHKA48gBfqS3+pUxkoJ9AhrjPBz17Ul3r58dJFDuLkH9RlawT+ZWiAgnA/uDxF8hNku5wqTptersS3&key=65eff63f9da6545c6b3cd35820b6eb0a
<?xml version="1.0" encoding="utf-8"?><result info="0" msg=""/>
http://gi.jinpaizhan.com:81/doBusiness.do?params=TMeWzmafz6/X8j+l9UjgJaHHe2YbZtR/ScM/AUyr5Ct/b4rXVl+HUVKs6R8pLQJvUHkf4CVyfXxquMM26cNHKA48gBfqS3+pUxkoJ9AhrjPBz17Ul3r58dJFDuLkH9RlawT+ZWiAgnA/uDxF8hNku5wqTptersS3&key=65eff63f9da6545c6b3cd35820b6eb0a
<?xml version="1.0" encoding="utf-8"?><result info="0" msg=""/>
http://gi.jinpaizhan.com:81/doBusiness.do?params=TMeWzmafz6/X8j+l9UjgJaHHe2YbZtR/ScM/AUyr5Ct/b4rXVl+HUVKs6R8pLQJvUHkf4CVyfXxquMM26cNHKA48gBfqS3+pUxkoJ9AhrjPBz17Ul3r58dJFDuLkH9RlawT+ZWiAgnA/uDxF8hNku5wqTptersS3&key=65eff63f9da6545c6b3cd35820b6eb0a
<?xml version="1.0" encoding="utf-8"?><result info="0" msg=""/>
http://gi.jinpaizhan.com:81/doBusiness.do?params=TMeWzmafz6/X8j+l9UjgJaHHe2YbZtR/gfT7U1DWRSRWSNpHpb90NYHtR5z96GqdRO7hSwfzZhRJfIqoZLNMOj+fMjuPoSrD0yoXOCgPR5A7XFCbc4etTqqb5Du4dGFv2GPisxlQt+LwhW1DPDiodiyZyEktSCQJ&key=bc1d174deeb22acc979bc37145de30d2
<?xml version="1.0" encoding="utf-8"?><result info="0" msg=""/>
http://gi.jinpaizhan.com:81/doBusiness.do?params=TMeWzmafz6/X8j+l9UjgJaHHe2YbZtR/gfT7U1DWRSRWSNpHpb90NYHtR5z96GqdRO7hSwfzZhRJfIqoZLNMOj+fMjuPoSrD0yoXOCgPR5A7XFCbc4etTqqb5Du4dGFv2GPisxlQt+LwhW1DPDiodiyZyEktSCQJ&key=bc1d174deeb22acc979bc37145de30d2
<?xml version="1.0" encoding="utf-8"?><result info="0" msg=""/>
http://gi.jinpaizhan.com:81/doBusiness.do?params=TMeWzmafz6/X8j+l9UjgJaHHe2YbZtR/gfT7U1DWRSRWSNpHpb90NYHtR5z96GqdRO7hSwfzZhRJfIqoZLNMOj+fMjuPoSrD0yoXOCgPR5A7XFCbc4etTqqb5Du4dGFv2GPisxlQt+LwhW1DPDiodiyZyEktSCQJ&key=bc1d174deeb22acc979bc37145de30d2
<?xml version="1.0" encoding="utf-8"?><result info="0" msg=""/>
http://gi.jinpaizhan.com:81/doBusiness.do?params=TMeWzmafz6/X8j+l9UjgJaHHe2YbZtR/gfT7U1DWRSRWSNpHpb90NYHtR5z96GqdRO7hSwfzZhRJfIqoZLNMOj+fMjuPoSrD0yoXOCgPR5A7XFCbc4etTqqb5Du4dGFv2GPisxlQt+LwhW1DPDiodiyZyEktSCQJ&key=bc1d174deeb22acc979bc37145de30d2
<?xml version="1.0" encoding="utf-8"?><result info="0" msg=""/>
http://gi.jinpaizhan.com:81/doBusiness.do?params=TMeWzmafz6/X8j+l9UjgJaHHe2YbZtR/OGHgYgvdS18FNrXAiu3zpcFG1RmKFDS0/lNOxt6t6V3pgNdR+zkpBEqoBH2DTMrjYLkhexDyISLisRObE0/OVB+1dqEIm32bKO5DmnoJwqMMsA2ff0EFQ+Nk0VecxjC3&key=ec66dd9363dfc76259e0afba6ad2bb65
<?xml version="1.0" encoding="utf-8"?><result info="0" msg=""/>
http://gi.jinpaizhan.com:81/doBusiness.do?params=TMeWzmafz6/X8j+l9UjgJaHHe2YbZtR/OGHgYgvdS18FNrXAiu3zpcFG1RmKFDS0/lNOxt6t6V3pgNdR+zkpBEqoBH2DTMrjYLkhexDyISLisRObE0/OVB+1dqEIm32bKO5DmnoJwqMMsA2ff0EFQ+Nk0VecxjC3&key=ec66dd9363dfc76259e0afba6ad2bb65
<?xml version="1.0" encoding="utf-8"?><result info="0" msg=""/>
http://gi.jinpaizhan.com:81/doBusiness.do?params=TMeWzmafz6/X8j+l9UjgJaHHe2YbZtR/OGHgYgvdS18FNrXAiu3zpcFG1RmKFDS0/lNOxt6t6V3pgNdR+zkpBEqoBH2DTMrjYLkhexDyISLisRObE0/OVB+1dqEIm32bKO5DmnoJwqMMsA2ff0EFQ+Nk0VecxjC3&key=ec66dd9363dfc76259e0afba6ad2bb65
<?xml version="1.0" encoding="utf-8"?><result info="0" msg=""/>
http://gi.jinpaizhan.com:81/doBusiness.do?params=TMeWzmafz6/X8j+l9UjgJaHHe2YbZtR/c+I+c+91JTjgAZP8G3/Sp1Ks6R8pLQJvUHkf4CVyfXxquMM26cNHKA48gBfqS3+pUxkoJ9AhrjPBz17Ul3r58dJFDuLkH9RlawT+ZWiAgnA/uDxF8hNku5wqTptersS3&key=bb47e5958c8f6401efadc724a76eeaac
<?xml version="1.0" encoding="utf-8"?><result info="0" msg=""/>
http://gi.jinpaizhan.com:81/doBusiness.do?params=TMeWzmafz6/X8j+l9UjgJaHHe2YbZtR/c+I+c+91JTjgAZP8G3/Sp1Ks6R8pLQJvUHkf4CVyfXxquMM26cNHKA48gBfqS3+pUxkoJ9AhrjPBz17Ul3r58dJFDuLkH9RlawT+ZWiAgnA/uDxF8hNku5wqTptersS3&key=bb47e5958c8f6401efadc724a76eeaac
<?xml version="1.0" encoding="utf-8"?><result info="0" msg=""/>
http://gi.jinpaizhan.com:81/doBusiness.do?params=TMeWzmafz6/X8j+l9UjgJaHHe2YbZtR/c+I+c+91JTjgAZP8G3/Sp1Ks6R8pLQJvUHkf4CVyfXxquMM26cNHKA48gBfqS3+pUxkoJ9AhrjPBz17Ul3r58dJFDuLkH9RlawT+ZWiAgnA/uDxF8hNku5wqTptersS3&key=bb47e5958c8f6401efadc724a76eeaac
<?xml version="1.0" encoding="utf-8"?><result info="0" msg=""/>
http://gi.jinpaizhan.com:81/doBusiness.do?params=TMeWzmafz6/X8j+l9UjgJaHHe2YbZtR/c+I+c+91JTjgAZP8G3/Sp1Ks6R8pLQJvUHkf4CVyfXxquMM26cNHKA48gBfqS3+pUxkoJ9AhrjPBz17Ul3r58dJFDuLkH9RlawT+ZWiAgnA/uDxF8hNku5wqTptersS3&key=bb47e5958c8f6401efadc724a76eeaac
<?xml version="1.0" encoding="utf-8"?><result info="0" msg=""/>
http://gi.jinpaizhan.com:81/doBusiness.do?params=TMeWzmafz6/X8j+l9UjgJaHHe2YbZtR/c+I+c+91JTjgAZP8G3/Sp1Ks6R8pLQJvUHkf4CVyfXxquMM26cNHKA48gBfqS3+pUxkoJ9AhrjPBz17Ul3r58dJFDuLkH9RlawT+ZWiAgnA/uDxF8hNku5wqTptersS3&key=bb47e5958c8f6401efadc724a76eeaac
<?xml version="1.0" encoding="utf-8"?><result info="0" msg=""/>
http://gi.jinpaizhan.com:81/doBusiness.do?params=TMeWzmafz6/X8j+l9UjgJaHHe2YbZtR/c+I+c+91JTjgAZP8G3/Sp1Ks6R8pLQJvUHkf4CVyfXxquMM26cNHKA48gBfqS3+pUxkoJ9AhrjPBz17Ul3r58dJFDuLkH9RlawT+ZWiAgnA/uDxF8hNku5wqTptersS3&key=bb47e5958c8f6401efadc724a76eeaac
<?xml version="1.0" encoding="utf-8"?><result info="0" msg=""/>
http://gi.jinpaizhan.com:81/doBusiness.do?params=TMeWzmafz6/X8j+l9UjgJaHHe2YbZtR/c+I+c+91JTjgAZP8G3/Sp1Ks6R8pLQJvUHkf4CVyfXxquMM26cNHKA48gBfqS3+pUxkoJ9AhrjPBz17Ul3r58dJFDuLkH9RlawT+ZWiAgnA/uDxF8hNku5wqTptersS3&key=bb47e5958c8f6401efadc724a76eeaac
<?xml version="1.0" encoding="utf-8"?><result info="0" msg=""/>
http://gi.jinpaizhan.com:81/doBusiness.do?params=TMeWzmafz6/X8j+l9UjgJaHHe2YbZtR/c+I+c+91JTjgAZP8G3/Sp1Ks6R8pLQJvUHkf4CVyfXxquMM26cNHKA48gBfqS3+pUxkoJ9AhrjPBz17Ul3r58dJFDuLkH9RlawT+ZWiAgnA/uDxF8hNku5wqTptersS3&key=bb47e5958c8f6401efadc724a76eeaac
<?xml version="1.0" encoding="utf-8"?><result info="0" msg=""/>
http://gi.jinpaizhan.com:81/doBusiness.do?params=TMeWzmafz6/X8j+l9UjgJaHHe2YbZtR/c+I+c+91JTjgAZP8G3/Sp1Ks6R8pLQJvUHkf4CVyfXxquMM26cNHKA48gBfqS3+pUxkoJ9AhrjPBz17Ul3r58dJFDuLkH9RlawT+ZWiAgnA/uDxF8hNku5wqTptersS3&key=bb47e5958c8f6401efadc724a76eeaac
<?xml version="1.0" encoding="utf-8"?><result info="0" msg=""/>
